2023-05-19 15:45:30.611 +01:00  INF  Application is starting
2023-05-19 15:45:31.540 +01:00  INF  Now listening on: https://localhost:7143
2023-05-19 15:45:31.550 +01:00  INF  Now listening on: http://localhost:5080
2023-05-19 15:45:31.554 +01:00  INF  Application started. Press Ctrl+C to shut down.
2023-05-19 15:45:31.554 +01:00  INF  Hosting environment: Development
2023-05-19 15:45:31.554 +01:00  INF  Content root path: C:\Users\Kehinde Aregbesola\Desktop\interview questions and answers\Multitracks\.net\Web\Multitracks.API\multitracks.API\
2023-05-19 15:45:32.832 +01:00  INF  Request starting HTTP/2 GET https://localhost:7143/swagger - -
2023-05-19 15:45:33.045 +01:00  INF  Request finished HTTP/2 GET https://localhost:7143/swagger - - - 301 0 - 218.4174ms
2023-05-19 15:45:33.076 +01:00  INF  Request starting HTTP/2 GET https://localhost:7143/swagger/index.html - -
2023-05-19 15:45:33.469 +01:00  INF  Request finished HTTP/2 GET https://localhost:7143/swagger/index.html - - - 200 - text/html;charset=utf-8 392.9337ms
2023-05-19 15:45:33.563 +01:00  INF  Request starting HTTP/2 GET https://localhost:7143/swagger/swagger-ui-standalone-preset.js - -
2023-05-19 15:45:33.566 +01:00  INF  Request starting HTTP/2 GET https://localhost:7143/swagger/swagger-ui-bundle.js - -
2023-05-19 15:45:33.566 +01:00  INF  Request starting HTTP/2 GET https://localhost:7143/swagger/swagger-ui.css - -
2023-05-19 15:45:33.566 +01:00  INF  Request starting HTTP/2 GET https://localhost:7143/_framework/aspnetcore-browser-refresh.js - -
2023-05-19 15:45:33.574 +01:00  INF  Request finished HTTP/2 GET https://localhost:7143/_framework/aspnetcore-browser-refresh.js - - - 200 12000 application/javascript;+charset=utf-8 7.6770ms
2023-05-19 15:45:33.648 +01:00  INF  Sending file. Request path: '/swagger-ui.css'. Physical path: 'N/A'
2023-05-19 15:45:33.648 +01:00  INF  Sending file. Request path: '/swagger-ui-standalone-preset.js'. Physical path: 'N/A'
2023-05-19 15:45:33.650 +01:00  INF  Request finished HTTP/2 GET https://localhost:7143/swagger/swagger-ui.css - - - 200 143632 text/css 87.8352ms
2023-05-19 15:45:33.651 +01:00  INF  Request finished HTTP/2 GET https://localhost:7143/swagger/swagger-ui-standalone-preset.js - - - 200 337162 application/javascript 88.1671ms
2023-05-19 15:45:33.654 +01:00  INF  Sending file. Request path: '/swagger-ui-bundle.js'. Physical path: 'N/A'
2023-05-19 15:45:33.655 +01:00  INF  Request finished HTTP/2 GET https://localhost:7143/swagger/swagger-ui-bundle.js - - - 200 1092889 application/javascript 88.7956ms
2023-05-19 15:45:33.855 +01:00  INF  Request starting HTTP/2 GET https://localhost:7143/_vs/browserLink - -
2023-05-19 15:45:34.099 +01:00  INF  Request finished HTTP/2 GET https://localhost:7143/_vs/browserLink - - - 200 - text/javascript;+charset=UTF-8 243.3551ms
2023-05-19 15:45:34.734 +01:00  INF  Request starting HTTP/2 GET https://localhost:7143/swagger/v1/swagger.json - -
2023-05-19 15:45:34.768 +01:00  INF  Request starting HTTP/2 GET https://localhost:7143/swagger/favicon-32x32.png - -
2023-05-19 15:45:34.769 +01:00  INF  Sending file. Request path: '/favicon-32x32.png'. Physical path: 'N/A'
2023-05-19 15:45:34.770 +01:00  INF  Request finished HTTP/2 GET https://localhost:7143/swagger/favicon-32x32.png - - - 200 628 image/png 1.2691ms
2023-05-19 15:45:34.920 +01:00  INF  Request finished HTTP/2 GET https://localhost:7143/swagger/v1/swagger.json - - - 200 - application/json;charset=utf-8 185.9638ms
2023-05-19 15:46:09.776 +01:00  INF  Request starting HTTP/2 GET https://localhost:7143/health/live - -
2023-05-19 15:46:09.793 +01:00  INF  Request finished HTTP/2 GET https://localhost:7143/health/live - - - 200 - text/plain 16.3316ms
2023-05-19 15:46:09.911 +01:00  INF  Request starting HTTP/2 GET https://localhost:7143/favicon.ico - -
2023-05-19 15:46:09.912 +01:00  INF  Request finished HTTP/2 GET https://localhost:7143/favicon.ico - - - 404 0 - 0.5055ms
2023-05-19 15:46:16.097 +01:00  INF  Request starting HTTP/2 GET https://localhost:7143/health/ready - -
2023-05-19 15:46:16.853 +01:00  INF  Request finished HTTP/2 GET https://localhost:7143/health/ready - - - 200 - application/json 756.4445ms
2023-05-19 15:46:28.973 +01:00  INF  Application is starting
2023-05-19 15:46:29.478 +01:00  INF  Now listening on: https://localhost:7143
2023-05-19 15:46:29.481 +01:00  INF  Now listening on: http://localhost:5080
2023-05-19 15:46:29.483 +01:00  INF  Application started. Press Ctrl+C to shut down.
2023-05-19 15:46:29.483 +01:00  INF  Hosting environment: Development
2023-05-19 15:46:29.483 +01:00  INF  Content root path: C:\Users\Kehinde Aregbesola\Desktop\interview questions and answers\Multitracks\.net\Web\Multitracks.API\multitracks.API\
2023-05-19 15:46:30.687 +01:00  INF  Request starting HTTP/2 GET https://localhost:7143/swagger/index.html - -
2023-05-19 15:46:31.009 +01:00  INF  Request finished HTTP/2 GET https://localhost:7143/swagger/index.html - - - 200 - text/html;charset=utf-8 329.1133ms
2023-05-19 15:46:31.064 +01:00  INF  Request starting HTTP/2 GET https://localhost:7143/_framework/aspnetcore-browser-refresh.js - -
2023-05-19 15:46:31.069 +01:00  INF  Request finished HTTP/2 GET https://localhost:7143/_framework/aspnetcore-browser-refresh.js - - - 200 12000 application/javascript;+charset=utf-8 5.4235ms
2023-05-19 15:46:31.116 +01:00  INF  Request starting HTTP/2 GET https://localhost:7143/_vs/browserLink - -
2023-05-19 15:46:31.180 +01:00  INF  Request finished HTTP/2 GET https://localhost:7143/_vs/browserLink - - - 200 - text/javascript;+charset=UTF-8 64.7200ms
2023-05-19 15:46:32.012 +01:00  INF  Request starting HTTP/2 GET https://localhost:7143/swagger/v1/swagger.json - -
2023-05-19 15:46:32.172 +01:00  INF  Request finished HTTP/2 GET https://localhost:7143/swagger/v1/swagger.json - - - 200 - application/json;charset=utf-8 159.8217ms
2023-05-19 15:46:42.229 +01:00  INF  Request starting HTTP/2 GET https://localhost:7143/api/Artist/search/hill - -
2023-05-19 15:46:42.247 +01:00  INF  Executing endpoint 'multitracks.API.Controllers.ArtistController.Search (multitracks.API)'
2023-05-19 15:46:42.305 +01:00  INF  Route matched with {action = "Search", controller = "Artist"}. Executing controller action with signature System.Threading.Tasks.Task`1[Microsoft.AspNetCore.Mvc.IActionResult] Search(System.String) on controller multitracks.API.Controllers.ArtistController (multitracks.API).
2023-05-19 15:46:43.048 +01:00  INF  Executing search artist endpoint
2023-05-19 15:46:43.051 +01:00  INF  Calling the search artist method.
2023-05-19 15:46:44.323 +01:00  WRN  No store type was specified for the decimal property 'Bpm' on entity type 'Song'. This will cause values to be silently truncated if they do not fit in the default precision and scale. Explicitly specify the SQL server column type that can accommodate all the values in 'OnModelCreating' using 'HasColumnType', specify precision and scale using 'HasPrecision', or configure a value converter using 'HasConversion'.
2023-05-19 15:46:44.768 +01:00  INF  Entity Framework Core 6.0.16 initialized 'ApplicationDbContext' using provider 'Microsoft.EntityFrameworkCore.SqlServer:6.0.16' with options: None
2023-05-19 15:46:46.561 +01:00  INF  Executed DbCommand (154ms) [Parameters=[@__ToLower_0='?' (Size = 4000)], CommandType='"Text"', CommandTimeout='30']
SELECT [a].[ArtistId], [a].[Biography], [a].[DateCreation], [a].[HeroUrl], [a].[ImageUrl], [a].[Title]
FROM [Artist] AS [a]
WHERE (@__ToLower_0 LIKE N'') OR (CHARINDEX(@__ToLower_0, LOWER([a].[Title])) > 0)
2023-05-19 15:46:46.853 +01:00  INF  Executing ObjectResult, writing value of type 'multitracks.Core.Dtos.ResponseDto`1[[System.Collections.Generic.List`1[[multitracks.Core.Dtos.GetArtistDto, multitracks.Core, Version=1.0.0.0, Culture=neutral, PublicKeyToken=null]], System.Private.CoreLib, Version=6.0.0.0, Culture=neutral, PublicKeyToken=7cec85d7bea7798e]]'.
2023-05-19 15:46:46.874 +01:00  INF  Executed action multitracks.API.Controllers.ArtistController.Search (multitracks.API) in 4560.2723ms
2023-05-19 15:46:46.877 +01:00  INF  Executed endpoint 'multitracks.API.Controllers.ArtistController.Search (multitracks.API)'
2023-05-19 15:46:46.895 +01:00  INF  Request finished HTTP/2 GET https://localhost:7143/api/Artist/search/hill - - - 200 - application/json;+charset=utf-8 4665.7488ms
2023-05-19 15:46:48.031 +01:00  INF  Request starting HTTP/2 GET https://localhost:7143/api/Artist/search/hill - -
2023-05-19 15:46:48.034 +01:00  INF  Executing endpoint 'multitracks.API.Controllers.ArtistController.Search (multitracks.API)'
2023-05-19 15:46:48.034 +01:00  INF  Route matched with {action = "Search", controller = "Artist"}. Executing controller action with signature System.Threading.Tasks.Task`1[Microsoft.AspNetCore.Mvc.IActionResult] Search(System.String) on controller multitracks.API.Controllers.ArtistController (multitracks.API).
2023-05-19 15:46:48.035 +01:00  INF  Executing search artist endpoint
2023-05-19 15:46:48.036 +01:00  INF  Calling the search artist method.
2023-05-19 15:46:48.038 +01:00  INF  Entity Framework Core 6.0.16 initialized 'ApplicationDbContext' using provider 'Microsoft.EntityFrameworkCore.SqlServer:6.0.16' with options: None
2023-05-19 15:46:48.062 +01:00  INF  Executed DbCommand (11ms) [Parameters=[@__ToLower_0='?' (Size = 4000)], CommandType='"Text"', CommandTimeout='30']
SELECT [a].[ArtistId], [a].[Biography], [a].[DateCreation], [a].[HeroUrl], [a].[ImageUrl], [a].[Title]
FROM [Artist] AS [a]
WHERE (@__ToLower_0 LIKE N'') OR (CHARINDEX(@__ToLower_0, LOWER([a].[Title])) > 0)
2023-05-19 15:46:48.063 +01:00  INF  Executing ObjectResult, writing value of type 'multitracks.Core.Dtos.ResponseDto`1[[System.Collections.Generic.List`1[[multitracks.Core.Dtos.GetArtistDto, multitracks.Core, Version=1.0.0.0, Culture=neutral, PublicKeyToken=null]], System.Private.CoreLib, Version=6.0.0.0, Culture=neutral, PublicKeyToken=7cec85d7bea7798e]]'.
2023-05-19 15:46:48.063 +01:00  INF  Executed action multitracks.API.Controllers.ArtistController.Search (multitracks.API) in 29.0462ms
2023-05-19 15:46:48.063 +01:00  INF  Executed endpoint 'multitracks.API.Controllers.ArtistController.Search (multitracks.API)'
2023-05-19 15:46:48.063 +01:00  INF  Request finished HTTP/2 GET https://localhost:7143/api/Artist/search/hill - - - 200 - application/json;+charset=utf-8 32.4408ms
2023-05-19 15:48:35.747 +01:00  INF  Request starting HTTP/2 POST https://localhost:7143/api/Artist/create-artist application/json 95
2023-05-19 15:48:35.748 +01:00  INF  Executing endpoint 'multitracks.API.Controllers.ArtistController.CreateArtist (multitracks.API)'
2023-05-19 15:48:35.755 +01:00  INF  Route matched with {action = "CreateArtist", controller = "Artist"}. Executing controller action with signature System.Threading.Tasks.Task`1[Microsoft.AspNetCore.Mvc.IActionResult] CreateArtist(multitracks.Core.Dtos.CreateArtistDto) on controller multitracks.API.Controllers.ArtistController (multitracks.API).
2023-05-19 15:48:35.787 +01:00  INF  Executing create artist endpoint
2023-05-19 15:48:35.789 +01:00  INF  Calling the create artist method.
2023-05-19 15:48:35.865 +01:00  INF  Entity Framework Core 6.0.16 initialized 'ApplicationDbContext' using provider 'Microsoft.EntityFrameworkCore.SqlServer:6.0.16' with options: None
2023-05-19 15:48:36.193 +01:00  INF  Executed DbCommand (11ms) [Parameters=[@p0='?' (Size = 4000), @p1='?' (DbType = DateTime2), @p2='?' (Size = 4000), @p3='?' (Size = 4000), @p4='?' (Size = 4000)], CommandType='"Text"', CommandTimeout='30']
SET NOCOUNT ON;
INSERT INTO [Artist] ([Biography], [DateCreation], [HeroUrl], [ImageUrl], [Title])
VALUES (@p0, @p1, @p2, @p3, @p4);
SELECT [ArtistId]
FROM [Artist]
WHERE @@ROWCOUNT = 1 AND [ArtistId] = scope_identity();
2023-05-19 15:48:36.311 +01:00  INF  Executing ObjectResult, writing value of type 'multitracks.Core.Dtos.ResponseDto`1[[multitracks.Core.Dtos.GetArtistDto, multitracks.Core, Version=1.0.0.0, Culture=neutral, PublicKeyToken=null]]'.
2023-05-19 15:48:36.312 +01:00  INF  Executed action multitracks.API.Controllers.ArtistController.CreateArtist (multitracks.API) in 557.1502ms
2023-05-19 15:48:36.312 +01:00  INF  Executed endpoint 'multitracks.API.Controllers.ArtistController.CreateArtist (multitracks.API)'
2023-05-19 15:48:36.313 +01:00  INF  Request finished HTTP/2 POST https://localhost:7143/api/Artist/create-artist application/json 95 - 201 - application/json;+charset=utf-8 566.1202ms
2023-05-19 15:48:48.888 +01:00  INF  Request starting HTTP/2 GET https://localhost:7143/api/Song/list - -
2023-05-19 15:48:48.888 +01:00  INF  Executing endpoint 'multitracks.API.Controllers.SongController.ListAllSong (multitracks.API)'
2023-05-19 15:48:48.901 +01:00  INF  Route matched with {action = "ListAllSong", controller = "Song"}. Executing controller action with signature System.Threading.Tasks.Task`1[Microsoft.AspNetCore.Mvc.IActionResult] ListAllSong(Int32, Int32) on controller multitracks.API.Controllers.SongController (multitracks.API).
2023-05-19 15:48:48.903 +01:00  INF  Executing list all songs endpoint
2023-05-19 15:48:48.904 +01:00  INF  Calling the get all songs  method.
2023-05-19 15:48:48.906 +01:00  INF  Entity Framework Core 6.0.16 initialized 'ApplicationDbContext' using provider 'Microsoft.EntityFrameworkCore.SqlServer:6.0.16' with options: None
2023-05-19 15:48:49.055 +01:00  INF  Executed DbCommand (10ms) [Parameters=[], CommandType='"Text"', CommandTimeout='30']
SELECT [t].[SongId], [t].[AlbumId], [t].[ArtistId], [t].[Bpm], [t].[Chart], [t].[CustomMix], [t].[DateCreation], [t].[Multitracks], [t].[Patches], [t].[ProPresenter], [t].[RehearsalMix], [t].[SongSpecificPatches], [t].[TimeSignature], [t].[Title], [a].[ArtistId], [a].[Biography], [a].[DateCreation], [a].[HeroUrl], [a].[ImageUrl], [a].[Title], [a0].[AlbumId], [a0].[ArtistId], [a0].[DateCreation], [a0].[ImageUrl], [a0].[Title], [a0].[Year]
FROM (
    SELECT [s].[SongId], [s].[AlbumId], [s].[ArtistId], [s].[Bpm], [s].[Chart], [s].[CustomMix], [s].[DateCreation], [s].[Multitracks], [s].[Patches], [s].[ProPresenter], [s].[RehearsalMix], [s].[SongSpecificPatches], [s].[TimeSignature], [s].[Title]
    FROM [Song] AS [s]
    WHERE 0 = 1
) AS [t]
INNER JOIN [Artist] AS [a] ON [t].[ArtistId] = [a].[ArtistId]
INNER JOIN [Album] AS [a0] ON [t].[AlbumId] = [a0].[AlbumId]
ORDER BY [t].[SongId]
2023-05-19 15:48:49.066 +01:00  INF  Executing ObjectResult, writing value of type 'multitracks.Core.Dtos.ResponseDto`1[[System.Collections.Generic.List`1[[multitracks.Core.Dtos.GetSongDto, multitracks.Core, Version=1.0.0.0, Culture=neutral, PublicKeyToken=null]], System.Private.CoreLib, Version=6.0.0.0, Culture=neutral, PublicKeyToken=7cec85d7bea7798e]]'.
2023-05-19 15:48:49.071 +01:00  INF  Executed action multitracks.API.Controllers.SongController.ListAllSong (multitracks.API) in 169.2754ms
2023-05-19 15:48:49.071 +01:00  INF  Executed endpoint 'multitracks.API.Controllers.SongController.ListAllSong (multitracks.API)'
2023-05-19 15:48:49.071 +01:00  INF  Request finished HTTP/2 GET https://localhost:7143/api/Song/list - - - 200 - application/json;+charset=utf-8 183.2682ms
2023-05-19 15:49:52.457 +01:00  INF  Application is starting
2023-05-19 15:49:53.142 +01:00  INF  Now listening on: https://localhost:7143
2023-05-19 15:49:53.145 +01:00  INF  Now listening on: http://localhost:5080
2023-05-19 15:49:53.149 +01:00  INF  Application started. Press Ctrl+C to shut down.
2023-05-19 15:49:53.150 +01:00  INF  Hosting environment: Development
2023-05-19 15:49:53.150 +01:00  INF  Content root path: C:\Users\Kehinde Aregbesola\Desktop\interview questions and answers\Multitracks\.net\Web\Multitracks.API\multitracks.API\
2023-05-19 15:49:53.906 +01:00  INF  Request starting HTTP/2 GET https://localhost:7143/swagger/index.html - -
2023-05-19 15:49:54.230 +01:00  INF  Request finished HTTP/2 GET https://localhost:7143/swagger/index.html - - - 200 - text/html;charset=utf-8 329.5576ms
2023-05-19 15:49:54.282 +01:00  INF  Request starting HTTP/2 GET https://localhost:7143/_framework/aspnetcore-browser-refresh.js - -
2023-05-19 15:49:54.302 +01:00  INF  Request finished HTTP/2 GET https://localhost:7143/_framework/aspnetcore-browser-refresh.js - - - 200 12000 application/javascript;+charset=utf-8 19.7551ms
2023-05-19 15:49:54.312 +01:00  INF  Request starting HTTP/2 GET https://localhost:7143/_vs/browserLink - -
2023-05-19 15:49:54.405 +01:00  INF  Request finished HTTP/2 GET https://localhost:7143/_vs/browserLink - - - 200 - text/javascript;+charset=UTF-8 92.8830ms
2023-05-19 15:49:55.113 +01:00  INF  Request starting HTTP/2 GET https://localhost:7143/swagger/v1/swagger.json - -
2023-05-19 15:49:55.237 +01:00  INF  Request finished HTTP/2 GET https://localhost:7143/swagger/v1/swagger.json - - - 200 - application/json;charset=utf-8 123.7626ms
2023-05-19 15:50:08.517 +01:00  INF  Request starting HTTP/2 GET https://localhost:7143/api/Song/list?pageNumber=1&pageSize=2 - -
2023-05-19 15:50:08.543 +01:00  INF  Executing endpoint 'multitracks.API.Controllers.SongController.ListAllSong (multitracks.API)'
2023-05-19 15:50:08.605 +01:00  INF  Route matched with {action = "ListAllSong", controller = "Song"}. Executing controller action with signature System.Threading.Tasks.Task`1[Microsoft.AspNetCore.Mvc.IActionResult] ListAllSong(Int32, Int32) on controller multitracks.API.Controllers.SongController (multitracks.API).
2023-05-19 15:50:09.331 +01:00  INF  Executing list all songs endpoint
2023-05-19 15:50:09.332 +01:00  INF  Calling the get all songs  method.
2023-05-19 15:50:10.477 +01:00  WRN  No store type was specified for the decimal property 'Bpm' on entity type 'Song'. This will cause values to be silently truncated if they do not fit in the default precision and scale. Explicitly specify the SQL server column type that can accommodate all the values in 'OnModelCreating' using 'HasColumnType', specify precision and scale using 'HasPrecision', or configure a value converter using 'HasConversion'.
2023-05-19 15:50:10.805 +01:00  INF  Entity Framework Core 6.0.16 initialized 'ApplicationDbContext' using provider 'Microsoft.EntityFrameworkCore.SqlServer:6.0.16' with options: None
2023-05-19 15:50:12.745 +01:00  INF  Executed DbCommand (150ms) [Parameters=[@__p_0='?' (DbType = Int32), @__p_1='?' (DbType = Int32)], CommandType='"Text"', CommandTimeout='30']
SELECT [t].[SongId], [t].[AlbumId], [t].[ArtistId], [t].[Bpm], [t].[Chart], [t].[CustomMix], [t].[DateCreation], [t].[Multitracks], [t].[Patches], [t].[ProPresenter], [t].[RehearsalMix], [t].[SongSpecificPatches], [t].[TimeSignature], [t].[Title], [a].[ArtistId], [a].[Biography], [a].[DateCreation], [a].[HeroUrl], [a].[ImageUrl], [a].[Title], [a0].[AlbumId], [a0].[ArtistId], [a0].[DateCreation], [a0].[ImageUrl], [a0].[Title], [a0].[Year]
FROM (
    SELECT [s].[SongId], [s].[AlbumId], [s].[ArtistId], [s].[Bpm], [s].[Chart], [s].[CustomMix], [s].[DateCreation], [s].[Multitracks], [s].[Patches], [s].[ProPresenter], [s].[RehearsalMix], [s].[SongSpecificPatches], [s].[TimeSignature], [s].[Title]
    FROM [Song] AS [s]
    ORDER BY [s].[SongId]
    OFFSET @__p_0 ROWS FETCH NEXT @__p_1 ROWS ONLY
) AS [t]
INNER JOIN [Artist] AS [a] ON [t].[ArtistId] = [a].[ArtistId]
INNER JOIN [Album] AS [a0] ON [t].[AlbumId] = [a0].[AlbumId]
ORDER BY [t].[SongId]
2023-05-19 15:50:18.918 +01:00  INF  Executing ObjectResult, writing value of type 'multitracks.Core.Dtos.ResponseDto`1[[System.Collections.Generic.List`1[[multitracks.Core.Dtos.GetSongDto, multitracks.Core, Version=1.0.0.0, Culture=neutral, PublicKeyToken=null]], System.Private.CoreLib, Version=6.0.0.0, Culture=neutral, PublicKeyToken=7cec85d7bea7798e]]'.
2023-05-19 15:50:18.943 +01:00  INF  Executed action multitracks.API.Controllers.SongController.ListAllSong (multitracks.API) in 10326.7187ms
2023-05-19 15:50:18.945 +01:00  INF  Executed endpoint 'multitracks.API.Controllers.SongController.ListAllSong (multitracks.API)'
2023-05-19 15:50:18.955 +01:00  INF  Request finished HTTP/2 GET https://localhost:7143/api/Song/list?pageNumber=1&pageSize=2 - - - 200 - application/json;+charset=utf-8 10438.4048ms
2023-05-19 15:50:33.445 +01:00  INF  Request starting HTTP/2 GET https://localhost:7143/api/Song/list - -
2023-05-19 15:50:33.447 +01:00  INF  Executing endpoint 'multitracks.API.Controllers.SongController.ListAllSong (multitracks.API)'
2023-05-19 15:50:33.447 +01:00  INF  Route matched with {action = "ListAllSong", controller = "Song"}. Executing controller action with signature System.Threading.Tasks.Task`1[Microsoft.AspNetCore.Mvc.IActionResult] ListAllSong(Int32, Int32) on controller multitracks.API.Controllers.SongController (multitracks.API).
2023-05-19 15:50:33.449 +01:00  INF  Executing list all songs endpoint
2023-05-19 15:50:33.449 +01:00  INF  Calling the get all songs  method.
2023-05-19 15:50:33.477 +01:00  INF  Entity Framework Core 6.0.16 initialized 'ApplicationDbContext' using provider 'Microsoft.EntityFrameworkCore.SqlServer:6.0.16' with options: None
2023-05-19 15:50:33.510 +01:00  INF  Executed DbCommand (11ms) [Parameters=[], CommandType='"Text"', CommandTimeout='30']
SELECT [t].[SongId], [t].[AlbumId], [t].[ArtistId], [t].[Bpm], [t].[Chart], [t].[CustomMix], [t].[DateCreation], [t].[Multitracks], [t].[Patches], [t].[ProPresenter], [t].[RehearsalMix], [t].[SongSpecificPatches], [t].[TimeSignature], [t].[Title], [a].[ArtistId], [a].[Biography], [a].[DateCreation], [a].[HeroUrl], [a].[ImageUrl], [a].[Title], [a0].[AlbumId], [a0].[ArtistId], [a0].[DateCreation], [a0].[ImageUrl], [a0].[Title], [a0].[Year]
FROM (
    SELECT [s].[SongId], [s].[AlbumId], [s].[ArtistId], [s].[Bpm], [s].[Chart], [s].[CustomMix], [s].[DateCreation], [s].[Multitracks], [s].[Patches], [s].[ProPresenter], [s].[RehearsalMix], [s].[SongSpecificPatches], [s].[TimeSignature], [s].[Title]
    FROM [Song] AS [s]
    WHERE 0 = 1
) AS [t]
INNER JOIN [Artist] AS [a] ON [t].[ArtistId] = [a].[ArtistId]
INNER JOIN [Album] AS [a0] ON [t].[AlbumId] = [a0].[AlbumId]
ORDER BY [t].[SongId]
2023-05-19 15:50:37.444 +01:00  INF  Executing ObjectResult, writing value of type 'multitracks.Core.Dtos.ResponseDto`1[[System.Collections.Generic.List`1[[multitracks.Core.Dtos.GetSongDto, multitracks.Core, Version=1.0.0.0, Culture=neutral, PublicKeyToken=null]], System.Private.CoreLib, Version=6.0.0.0, Culture=neutral, PublicKeyToken=7cec85d7bea7798e]]'.
2023-05-19 15:50:37.445 +01:00  INF  Executed action multitracks.API.Controllers.SongController.ListAllSong (multitracks.API) in 3997.6476ms
2023-05-19 15:50:37.445 +01:00  INF  Executed endpoint 'multitracks.API.Controllers.SongController.ListAllSong (multitracks.API)'
2023-05-19 15:50:37.446 +01:00  INF  Request finished HTTP/2 GET https://localhost:7143/api/Song/list - - - 200 - application/json;+charset=utf-8 4000.0933ms
2023-05-19 15:50:58.127 +01:00  INF  Request starting HTTP/2 GET https://localhost:7143/api/Song/list - -
2023-05-19 15:50:58.127 +01:00  INF  Executing endpoint 'multitracks.API.Controllers.SongController.ListAllSong (multitracks.API)'
2023-05-19 15:50:58.128 +01:00  INF  Route matched with {action = "ListAllSong", controller = "Song"}. Executing controller action with signature System.Threading.Tasks.Task`1[Microsoft.AspNetCore.Mvc.IActionResult] ListAllSong(Int32, Int32) on controller multitracks.API.Controllers.SongController (multitracks.API).
2023-05-19 15:50:58.155 +01:00  INF  Executing list all songs endpoint
2023-05-19 15:50:58.155 +01:00  INF  Calling the get all songs  method.
2023-05-19 15:50:58.211 +01:00  INF  Entity Framework Core 6.0.16 initialized 'ApplicationDbContext' using provider 'Microsoft.EntityFrameworkCore.SqlServer:6.0.16' with options: None
2023-05-19 15:50:58.221 +01:00  INF  Executed DbCommand (5ms) [Parameters=[], CommandType='"Text"', CommandTimeout='30']
SELECT [t].[SongId], [t].[AlbumId], [t].[ArtistId], [t].[Bpm], [t].[Chart], [t].[CustomMix], [t].[DateCreation], [t].[Multitracks], [t].[Patches], [t].[ProPresenter], [t].[RehearsalMix], [t].[SongSpecificPatches], [t].[TimeSignature], [t].[Title], [a].[ArtistId], [a].[Biography], [a].[DateCreation], [a].[HeroUrl], [a].[ImageUrl], [a].[Title], [a0].[AlbumId], [a0].[ArtistId], [a0].[DateCreation], [a0].[ImageUrl], [a0].[Title], [a0].[Year]
FROM (
    SELECT [s].[SongId], [s].[AlbumId], [s].[ArtistId], [s].[Bpm], [s].[Chart], [s].[CustomMix], [s].[DateCreation], [s].[Multitracks], [s].[Patches], [s].[ProPresenter], [s].[RehearsalMix], [s].[SongSpecificPatches], [s].[TimeSignature], [s].[Title]
    FROM [Song] AS [s]
    WHERE 0 = 1
) AS [t]
INNER JOIN [Artist] AS [a] ON [t].[ArtistId] = [a].[ArtistId]
INNER JOIN [Album] AS [a0] ON [t].[AlbumId] = [a0].[AlbumId]
ORDER BY [t].[SongId]
2023-05-19 15:54:06.968 +01:00  INF  Application is starting
2023-05-19 15:54:07.810 +01:00  INF  Now listening on: https://localhost:7143
2023-05-19 15:54:07.812 +01:00  INF  Now listening on: http://localhost:5080
2023-05-19 15:54:07.818 +01:00  INF  Application started. Press Ctrl+C to shut down.
2023-05-19 15:54:07.818 +01:00  INF  Hosting environment: Development
2023-05-19 15:54:07.818 +01:00  INF  Content root path: C:\Users\Kehinde Aregbesola\Desktop\interview questions and answers\Multitracks\.net\Web\Multitracks.API\multitracks.API\
2023-05-19 15:54:08.539 +01:00  INF  Request starting HTTP/2 GET https://localhost:7143/swagger/index.html - -
2023-05-19 15:54:08.885 +01:00  INF  Request finished HTTP/2 GET https://localhost:7143/swagger/index.html - - - 200 - text/html;charset=utf-8 349.2199ms
2023-05-19 15:54:08.939 +01:00  INF  Request starting HTTP/2 GET https://localhost:7143/_framework/aspnetcore-browser-refresh.js - -
2023-05-19 15:54:08.946 +01:00  INF  Request finished HTTP/2 GET https://localhost:7143/_framework/aspnetcore-browser-refresh.js - - - 200 12000 application/javascript;+charset=utf-8 7.3179ms
2023-05-19 15:54:08.964 +01:00  INF  Request starting HTTP/2 GET https://localhost:7143/_vs/browserLink - -
2023-05-19 15:54:09.089 +01:00  INF  Request finished HTTP/2 GET https://localhost:7143/_vs/browserLink - - - 200 - text/javascript;+charset=UTF-8 124.9034ms
2023-05-19 15:54:09.768 +01:00  INF  Request starting HTTP/2 GET https://localhost:7143/swagger/v1/swagger.json - -
2023-05-19 15:54:09.902 +01:00  INF  Request finished HTTP/2 GET https://localhost:7143/swagger/v1/swagger.json - - - 200 - application/json;charset=utf-8 133.6347ms
2023-05-19 15:54:16.046 +01:00  INF  Request starting HTTP/2 GET https://localhost:7143/api/Song/list - -
2023-05-19 15:54:16.059 +01:00  INF  Executing endpoint 'multitracks.API.Controllers.SongController.ListAllSong (multitracks.API)'
2023-05-19 15:54:16.091 +01:00  INF  Route matched with {action = "ListAllSong", controller = "Song"}. Executing controller action with signature System.Threading.Tasks.Task`1[Microsoft.AspNetCore.Mvc.IActionResult] ListAllSong(Int32, Int32) on controller multitracks.API.Controllers.SongController (multitracks.API).
2023-05-19 15:54:16.703 +01:00  INF  Executing list all songs endpoint
2023-05-19 15:54:21.205 +01:00  INF  Calling the get all songs  method.
2023-05-19 15:54:26.714 +01:00  WRN  No store type was specified for the decimal property 'Bpm' on entity type 'Song'. This will cause values to be silently truncated if they do not fit in the default precision and scale. Explicitly specify the SQL server column type that can accommodate all the values in 'OnModelCreating' using 'HasColumnType', specify precision and scale using 'HasPrecision', or configure a value converter using 'HasConversion'.
2023-05-19 15:54:26.924 +01:00  INF  Entity Framework Core 6.0.16 initialized 'ApplicationDbContext' using provider 'Microsoft.EntityFrameworkCore.SqlServer:6.0.16' with options: None
2023-05-19 15:54:28.717 +01:00  INF  Executed DbCommand (165ms) [Parameters=[], CommandType='"Text"', CommandTimeout='30']
SELECT [t].[SongId], [t].[AlbumId], [t].[ArtistId], [t].[Bpm], [t].[Chart], [t].[CustomMix], [t].[DateCreation], [t].[Multitracks], [t].[Patches], [t].[ProPresenter], [t].[RehearsalMix], [t].[SongSpecificPatches], [t].[TimeSignature], [t].[Title], [a].[ArtistId], [a].[Biography], [a].[DateCreation], [a].[HeroUrl], [a].[ImageUrl], [a].[Title], [a0].[AlbumId], [a0].[ArtistId], [a0].[DateCreation], [a0].[ImageUrl], [a0].[Title], [a0].[Year]
FROM (
    SELECT [s].[SongId], [s].[AlbumId], [s].[ArtistId], [s].[Bpm], [s].[Chart], [s].[CustomMix], [s].[DateCreation], [s].[Multitracks], [s].[Patches], [s].[ProPresenter], [s].[RehearsalMix], [s].[SongSpecificPatches], [s].[TimeSignature], [s].[Title]
    FROM [Song] AS [s]
    WHERE 0 = 1
) AS [t]
INNER JOIN [Artist] AS [a] ON [t].[ArtistId] = [a].[ArtistId]
INNER JOIN [Album] AS [a0] ON [t].[AlbumId] = [a0].[AlbumId]
ORDER BY [t].[SongId]
2023-05-19 15:56:49.401 +01:00  INF  Application is starting
2023-05-19 15:56:49.944 +01:00  INF  Now listening on: https://localhost:7143
2023-05-19 15:56:49.947 +01:00  INF  Now listening on: http://localhost:5080
2023-05-19 15:56:49.950 +01:00  INF  Application started. Press Ctrl+C to shut down.
2023-05-19 15:56:49.951 +01:00  INF  Hosting environment: Development
2023-05-19 15:56:49.951 +01:00  INF  Content root path: C:\Users\Kehinde Aregbesola\Desktop\interview questions and answers\Multitracks\.net\Web\Multitracks.API\multitracks.API\
2023-05-19 15:56:51.082 +01:00  INF  Request starting HTTP/2 GET https://localhost:7143/swagger/index.html - -
2023-05-19 15:56:51.420 +01:00  INF  Request finished HTTP/2 GET https://localhost:7143/swagger/index.html - - - 200 - text/html;charset=utf-8 345.3837ms
2023-05-19 15:56:51.689 +01:00  INF  Request starting HTTP/2 GET https://localhost:7143/_vs/browserLink - -
2023-05-19 15:56:51.689 +01:00  INF  Request starting HTTP/2 GET https://localhost:7143/_framework/aspnetcore-browser-refresh.js - -
2023-05-19 15:56:51.696 +01:00  INF  Request finished HTTP/2 GET https://localhost:7143/_framework/aspnetcore-browser-refresh.js - - - 200 12000 application/javascript;+charset=utf-8 6.7493ms
2023-05-19 15:56:51.861 +01:00  INF  Request finished HTTP/2 GET https://localhost:7143/_vs/browserLink - - - 200 - text/javascript;+charset=UTF-8 172.1936ms
2023-05-19 15:56:52.941 +01:00  INF  Request starting HTTP/2 GET https://localhost:7143/swagger/v1/swagger.json - -
2023-05-19 15:56:53.087 +01:00  INF  Request finished HTTP/2 GET https://localhost:7143/swagger/v1/swagger.json - - - 200 - application/json;charset=utf-8 145.8193ms
2023-05-19 15:57:05.441 +01:00  INF  Request starting HTTP/2 GET https://localhost:7143/api/Song/list - -
2023-05-19 15:57:05.456 +01:00  INF  Executing endpoint 'multitracks.API.Controllers.SongController.ListAllSong (multitracks.API)'
2023-05-19 15:57:05.487 +01:00  INF  Route matched with {action = "ListAllSong", controller = "Song"}. Executing controller action with signature System.Threading.Tasks.Task`1[Microsoft.AspNetCore.Mvc.IActionResult] ListAllSong(Int32, Int32) on controller multitracks.API.Controllers.SongController (multitracks.API).
2023-05-19 15:57:06.071 +01:00  INF  Executing list all songs endpoint
2023-05-19 15:57:11.419 +01:00  INF  Calling the get all songs  method.
2023-05-19 15:57:13.210 +01:00  WRN  No store type was specified for the decimal property 'Bpm' on entity type 'Song'. This will cause values to be silently truncated if they do not fit in the default precision and scale. Explicitly specify the SQL server column type that can accommodate all the values in 'OnModelCreating' using 'HasColumnType', specify precision and scale using 'HasPrecision', or configure a value converter using 'HasConversion'.
2023-05-19 15:57:13.519 +01:00  INF  Entity Framework Core 6.0.16 initialized 'ApplicationDbContext' using provider 'Microsoft.EntityFrameworkCore.SqlServer:6.0.16' with options: None
2023-05-19 15:57:15.036 +01:00  INF  Executed DbCommand (74ms) [Parameters=[], CommandType='"Text"', CommandTimeout='30']
SELECT [t].[SongId], [t].[AlbumId], [t].[ArtistId], [t].[Bpm], [t].[Chart], [t].[CustomMix], [t].[DateCreation], [t].[Multitracks], [t].[Patches], [t].[ProPresenter], [t].[RehearsalMix], [t].[SongSpecificPatches], [t].[TimeSignature], [t].[Title], [a].[ArtistId], [a].[Biography], [a].[DateCreation], [a].[HeroUrl], [a].[ImageUrl], [a].[Title], [a0].[AlbumId], [a0].[ArtistId], [a0].[DateCreation], [a0].[ImageUrl], [a0].[Title], [a0].[Year]
FROM (
    SELECT [s].[SongId], [s].[AlbumId], [s].[ArtistId], [s].[Bpm], [s].[Chart], [s].[CustomMix], [s].[DateCreation], [s].[Multitracks], [s].[Patches], [s].[ProPresenter], [s].[RehearsalMix], [s].[SongSpecificPatches], [s].[TimeSignature], [s].[Title]
    FROM [Song] AS [s]
    WHERE 0 = 1
) AS [t]
INNER JOIN [Artist] AS [a] ON [t].[ArtistId] = [a].[ArtistId]
INNER JOIN [Album] AS [a0] ON [t].[AlbumId] = [a0].[AlbumId]
ORDER BY [t].[SongId]
2023-05-19 15:57:26.824 +01:00  INF  Executing ObjectResult, writing value of type 'multitracks.Core.Dtos.ResponseDto`1[[System.Collections.Generic.List`1[[multitracks.Core.Dtos.GetSongDto, multitracks.Core, Version=1.0.0.0, Culture=neutral, PublicKeyToken=null]], System.Private.CoreLib, Version=6.0.0.0, Culture=neutral, PublicKeyToken=7cec85d7bea7798e]]'.
2023-05-19 15:57:26.835 +01:00  INF  Executed action multitracks.API.Controllers.SongController.ListAllSong (multitracks.API) in 21340.2641ms
2023-05-19 15:57:26.836 +01:00  INF  Executed endpoint 'multitracks.API.Controllers.SongController.ListAllSong (multitracks.API)'
2023-05-19 15:57:26.847 +01:00  INF  Request finished HTTP/2 GET https://localhost:7143/api/Song/list - - - 404 - application/json;+charset=utf-8 21405.3430ms
2023-05-19 16:00:54.359 +01:00  INF  Application is starting
2023-05-19 16:00:55.172 +01:00  INF  Now listening on: https://localhost:7143
2023-05-19 16:00:55.178 +01:00  INF  Now listening on: http://localhost:5080
2023-05-19 16:00:55.181 +01:00  INF  Application started. Press Ctrl+C to shut down.
2023-05-19 16:00:55.182 +01:00  INF  Hosting environment: Development
2023-05-19 16:00:55.182 +01:00  INF  Content root path: C:\Users\Kehinde Aregbesola\Desktop\interview questions and answers\Multitracks\.net\Web\Multitracks.API\multitracks.API\
2023-05-19 16:00:55.780 +01:00  INF  Request starting HTTP/2 GET https://localhost:7143/swagger/index.html - -
2023-05-19 16:00:56.247 +01:00  INF  Request finished HTTP/2 GET https://localhost:7143/swagger/index.html - - - 200 - text/html;charset=utf-8 470.7463ms
2023-05-19 16:00:56.303 +01:00  INF  Request starting HTTP/2 GET https://localhost:7143/_framework/aspnetcore-browser-refresh.js - -
2023-05-19 16:00:56.309 +01:00  INF  Request finished HTTP/2 GET https://localhost:7143/_framework/aspnetcore-browser-refresh.js - - - 200 12000 application/javascript;+charset=utf-8 5.9508ms
2023-05-19 16:00:56.332 +01:00  INF  Request starting HTTP/2 GET https://localhost:7143/_vs/browserLink - -
2023-05-19 16:00:56.397 +01:00  INF  Request finished HTTP/2 GET https://localhost:7143/_vs/browserLink - - - 200 - text/javascript;+charset=UTF-8 64.3077ms
2023-05-19 16:00:57.065 +01:00  INF  Request starting HTTP/2 GET https://localhost:7143/swagger/v1/swagger.json - -
2023-05-19 16:00:57.206 +01:00  INF  Request finished HTTP/2 GET https://localhost:7143/swagger/v1/swagger.json - - - 200 - application/json;charset=utf-8 140.7411ms
2023-05-19 16:02:12.313 +01:00  INF  Application is starting
2023-05-19 16:02:12.770 +01:00  INF  Now listening on: https://localhost:7143
2023-05-19 16:02:12.772 +01:00  INF  Now listening on: http://localhost:5080
2023-05-19 16:02:12.774 +01:00  INF  Application started. Press Ctrl+C to shut down.
2023-05-19 16:02:12.774 +01:00  INF  Hosting environment: Development
2023-05-19 16:02:12.774 +01:00  INF  Content root path: C:\Users\Kehinde Aregbesola\Desktop\interview questions and answers\Multitracks\.net\Web\Multitracks.API\multitracks.API\
2023-05-19 16:02:14.114 +01:00  INF  Request starting HTTP/2 GET https://localhost:7143/swagger/index.html - -
2023-05-19 16:02:14.515 +01:00  INF  Request finished HTTP/2 GET https://localhost:7143/swagger/index.html - - - 200 - text/html;charset=utf-8 406.8233ms
2023-05-19 16:02:14.577 +01:00  INF  Request starting HTTP/2 GET https://localhost:7143/_framework/aspnetcore-browser-refresh.js - -
2023-05-19 16:02:14.586 +01:00  INF  Request finished HTTP/2 GET https://localhost:7143/_framework/aspnetcore-browser-refresh.js - - - 200 12000 application/javascript;+charset=utf-8 8.7757ms
2023-05-19 16:02:14.605 +01:00  INF  Request starting HTTP/2 GET https://localhost:7143/_vs/browserLink - -
2023-05-19 16:02:14.663 +01:00  INF  Request finished HTTP/2 GET https://localhost:7143/_vs/browserLink - - - 200 - text/javascript;+charset=UTF-8 58.0599ms
2023-05-19 16:02:15.426 +01:00  INF  Request starting HTTP/2 GET https://localhost:7143/swagger/v1/swagger.json - -
2023-05-19 16:02:15.587 +01:00  INF  Request finished HTTP/2 GET https://localhost:7143/swagger/v1/swagger.json - - - 200 - application/json;charset=utf-8 161.4764ms
2023-05-19 16:02:27.036 +01:00  INF  Request starting HTTP/2 GET https://localhost:7143/api/Song/list - -
2023-05-19 16:02:27.052 +01:00  INF  Executing endpoint 'multitracks.API.Controllers.SongController.ListAllSong (multitracks.API)'
2023-05-19 16:02:27.093 +01:00  INF  Route matched with {action = "ListAllSong", controller = "Song"}. Executing controller action with signature System.Threading.Tasks.Task`1[Microsoft.AspNetCore.Mvc.IActionResult] ListAllSong(multitracks.Core.Dtos.RequestParam) on controller multitracks.API.Controllers.SongController (multitracks.API).
2023-05-19 16:02:27.688 +01:00  INF  Executing list all songs endpoint
2023-05-19 16:02:35.174 +01:00  INF  Calling the get all songs  method.
2023-05-19 16:02:36.009 +01:00  WRN  No store type was specified for the decimal property 'Bpm' on entity type 'Song'. This will cause values to be silently truncated if they do not fit in the default precision and scale. Explicitly specify the SQL server column type that can accommodate all the values in 'OnModelCreating' using 'HasColumnType', specify precision and scale using 'HasPrecision', or configure a value converter using 'HasConversion'.
2023-05-19 16:02:36.286 +01:00  INF  Entity Framework Core 6.0.16 initialized 'ApplicationDbContext' using provider 'Microsoft.EntityFrameworkCore.SqlServer:6.0.16' with options: None
2023-05-19 16:02:37.884 +01:00  INF  Executed DbCommand (97ms) [Parameters=[@__p_0='?' (DbType = Int32), @__p_1='?' (DbType = Int32)], CommandType='"Text"', CommandTimeout='30']
SELECT [t].[SongId], [t].[AlbumId], [t].[ArtistId], [t].[Bpm], [t].[Chart], [t].[CustomMix], [t].[DateCreation], [t].[Multitracks], [t].[Patches], [t].[ProPresenter], [t].[RehearsalMix], [t].[SongSpecificPatches], [t].[TimeSignature], [t].[Title], [a].[ArtistId], [a].[Biography], [a].[DateCreation], [a].[HeroUrl], [a].[ImageUrl], [a].[Title], [a0].[AlbumId], [a0].[ArtistId], [a0].[DateCreation], [a0].[ImageUrl], [a0].[Title], [a0].[Year]
FROM (
    SELECT [s].[SongId], [s].[AlbumId], [s].[ArtistId], [s].[Bpm], [s].[Chart], [s].[CustomMix], [s].[DateCreation], [s].[Multitracks], [s].[Patches], [s].[ProPresenter], [s].[RehearsalMix], [s].[SongSpecificPatches], [s].[TimeSignature], [s].[Title]
    FROM [Song] AS [s]
    ORDER BY [s].[SongId]
    OFFSET @__p_0 ROWS FETCH NEXT @__p_1 ROWS ONLY
) AS [t]
INNER JOIN [Artist] AS [a] ON [t].[ArtistId] = [a].[ArtistId]
INNER JOIN [Album] AS [a0] ON [t].[AlbumId] = [a0].[AlbumId]
ORDER BY [t].[SongId]
2023-05-19 16:02:44.544 +01:00  INF  Executing ObjectResult, writing value of type 'multitracks.Core.Dtos.ResponseDto`1[[System.Collections.Generic.List`1[[multitracks.Core.Dtos.GetSongDto, multitracks.Core, Version=1.0.0.0, Culture=neutral, PublicKeyToken=null]], System.Private.CoreLib, Version=6.0.0.0, Culture=neutral, PublicKeyToken=7cec85d7bea7798e]]'.
2023-05-19 16:02:44.566 +01:00  INF  Executed action multitracks.API.Controllers.SongController.ListAllSong (multitracks.API) in 17465.045ms
2023-05-19 16:02:44.569 +01:00  INF  Executed endpoint 'multitracks.API.Controllers.SongController.ListAllSong (multitracks.API)'
2023-05-19 16:02:44.580 +01:00  INF  Request finished HTTP/2 GET https://localhost:7143/api/Song/list - - - 200 - application/json;+charset=utf-8 17543.8984ms
