2023-11-01 17:31:23.684 +01:00  ERR  HTTP GET /api/Artist/search/is responded 500 in 1026.6403 msSystem.NotImplementedException: Just dey play
   at multitracks.API.Controllers.ArtistController.Search(String name) in C:\Users\Kehinde Aregbesola\Desktop\interview questions and answers\Multitracks\.net\Web\Multitracks.API\multitracks.API\Controllers\ArtistController.cs:line 27
   at Microsoft.AspNetCore.Mvc.Infrastructure.ActionMethodExecutor.TaskOfIActionResultExecutor.Execute(IActionResultTypeMapper mapper, ObjectMethodExecutor executor, Object controller, Object[] arguments)
   at Microsoft.AspNetCore.Mvc.Infrastructure.ControllerActionInvoker.<InvokeActionMethodAsync>g__Awaited|12_0(ControllerActionInvoker invoker, ValueTask`1 actionResultValueTask)
   at Microsoft.AspNetCore.Mvc.Infrastructure.ControllerActionInvoker.<InvokeNextActionFilterAsync>g__Awaited|10_0(ControllerActionInvoker invoker, Task lastTask, State next, Scope scope, Object state, Boolean isCompleted)
   at Microsoft.AspNetCore.Mvc.Infrastructure.ControllerActionInvoker.Rethrow(ActionExecutedContextSealed context)
   at Microsoft.AspNetCore.Mvc.Infrastructure.ControllerActionInvoker.Next(State& next, Scope& scope, Object& state, Boolean& isCompleted)
   at Microsoft.AspNetCore.Mvc.Infrastructure.ControllerActionInvoker.InvokeInnerFilterAsync()
--- End of stack trace from previous location ---
   at Microsoft.AspNetCore.Mvc.Infrastructure.ResourceInvoker.<InvokeFilterPipelineAsync>g__Awaited|20_0(ResourceInvoker invoker, Task lastTask, State next, Scope scope, Object state, Boolean isCompleted)
   at Microsoft.AspNetCore.Mvc.Infrastructure.ResourceInvoker.<InvokeAsync>g__Awaited|17_0(ResourceInvoker invoker, Task task, IDisposable scope)
   at Microsoft.AspNetCore.Mvc.Infrastructure.ResourceInvoker.<InvokeAsync>g__Awaited|17_0(ResourceInvoker invoker, Task task, IDisposable scope)
   at Microsoft.AspNetCore.Routing.EndpointMiddleware.<Invoke>g__AwaitRequestTask|6_0(Endpoint endpoint, Task requestTask, ILogger logger)
   at Serilog.AspNetCore.RequestLoggingMiddleware.Invoke(HttpContext httpContext)

2023-11-01 17:31:31.395 +01:00  ERR  Error Processing Request
2023-11-01 17:31:31.403 +01:00  INF  System encountered an error:
 System.NotImplementedException: Just dey play
   at multitracks.API.Controllers.ArtistController.Search(String name) in C:\Users\Kehinde Aregbesola\Desktop\interview questions and answers\Multitracks\.net\Web\Multitracks.API\multitracks.API\Controllers\ArtistController.cs:line 27
   at Microsoft.AspNetCore.Mvc.Infrastructure.ActionMethodExecutor.TaskOfIActionResultExecutor.Execute(IActionResultTypeMapper mapper, ObjectMethodExecutor executor, Object controller, Object[] arguments)
   at Microsoft.AspNetCore.Mvc.Infrastructure.ControllerActionInvoker.<InvokeActionMethodAsync>g__Awaited|12_0(ControllerActionInvoker invoker, ValueTask`1 actionResultValueTask)
   at Microsoft.AspNetCore.Mvc.Infrastructure.ControllerActionInvoker.<InvokeNextActionFilterAsync>g__Awaited|10_0(ControllerActionInvoker invoker, Task lastTask, State next, Scope scope, Object state, Boolean isCompleted)
   at Microsoft.AspNetCore.Mvc.Infrastructure.ControllerActionInvoker.Rethrow(ActionExecutedContextSealed context)
   at Microsoft.AspNetCore.Mvc.Infrastructure.ControllerActionInvoker.Next(State& next, Scope& scope, Object& state, Boolean& isCompleted)
   at Microsoft.AspNetCore.Mvc.Infrastructure.ControllerActionInvoker.InvokeInnerFilterAsync()
--- End of stack trace from previous location ---
   at Microsoft.AspNetCore.Mvc.Infrastructure.ResourceInvoker.<InvokeFilterPipelineAsync>g__Awaited|20_0(ResourceInvoker invoker, Task lastTask, State next, Scope scope, Object state, Boolean isCompleted)
   at Microsoft.AspNetCore.Mvc.Infrastructure.ResourceInvoker.<InvokeAsync>g__Awaited|17_0(ResourceInvoker invoker, Task task, IDisposable scope)
   at Microsoft.AspNetCore.Mvc.Infrastructure.ResourceInvoker.<InvokeAsync>g__Awaited|17_0(ResourceInvoker invoker, Task task, IDisposable scope)
   at Microsoft.AspNetCore.Routing.EndpointMiddleware.<Invoke>g__AwaitRequestTask|6_0(Endpoint endpoint, Task requestTask, ILogger logger)
   at Serilog.AspNetCore.RequestLoggingMiddleware.Invoke(HttpContext httpContext)
   at multitracks.API.RequestResponseLoggerMiddleware.Invoke(HttpContext httpContext) in C:\Users\Kehinde Aregbesola\Desktop\interview questions and answers\Multitracks\.net\Web\Multitracks.API\multitracks.Core\MiddleWare\RequestResponseLoggerMiddleware.cs:line 25
   at Microsoft.AspNetCore.Authorization.AuthorizationMiddleware.Invoke(HttpContext context)
   at Swashbuckle.AspNetCore.SwaggerUI.SwaggerUIMiddleware.Invoke(HttpContext httpContext)
   at Swashbuckle.AspNetCore.Swagger.SwaggerMiddleware.Invoke(HttpContext httpContext, ISwaggerProvider swaggerProvider)
   at multitracks.Core.MiddleWare.ExceptionHandlerMiddleware.Invoke(HttpContext httpContext) in C:\Users\Kehinde Aregbesola\Desktop\interview questions and answers\Multitracks\.net\Web\Multitracks.API\multitracks.Core\MiddleWare\ExceptionHandlerMiddleware.cs:line 29 
    at multitracks.API.Controllers.ArtistController.Search(String name) in C:\Users\Kehinde Aregbesola\Desktop\interview questions and answers\Multitracks\.net\Web\Multitracks.API\multitracks.API\Controllers\ArtistController.cs:line 27
   at Microsoft.AspNetCore.Mvc.Infrastructure.ActionMethodExecutor.TaskOfIActionResultExecutor.Execute(IActionResultTypeMapper mapper, ObjectMethodExecutor executor, Object controller, Object[] arguments)
   at Microsoft.AspNetCore.Mvc.Infrastructure.ControllerActionInvoker.<InvokeActionMethodAsync>g__Awaited|12_0(ControllerActionInvoker invoker, ValueTask`1 actionResultValueTask)
   at Microsoft.AspNetCore.Mvc.Infrastructure.ControllerActionInvoker.<InvokeNextActionFilterAsync>g__Awaited|10_0(ControllerActionInvoker invoker, Task lastTask, State next, Scope scope, Object state, Boolean isCompleted)
   at Microsoft.AspNetCore.Mvc.Infrastructure.ControllerActionInvoker.Rethrow(ActionExecutedContextSealed context)
   at Microsoft.AspNetCore.Mvc.Infrastructure.ControllerActionInvoker.Next(State& next, Scope& scope, Object& state, Boolean& isCompleted)
   at Microsoft.AspNetCore.Mvc.Infrastructure.ControllerActionInvoker.InvokeInnerFilterAsync()
--- End of stack trace from previous location ---
   at Microsoft.AspNetCore.Mvc.Infrastructure.ResourceInvoker.<InvokeFilterPipelineAsync>g__Awaited|20_0(ResourceInvoker invoker, Task lastTask, State next, Scope scope, Object state, Boolean isCompleted)
   at Microsoft.AspNetCore.Mvc.Infrastructure.ResourceInvoker.<InvokeAsync>g__Awaited|17_0(ResourceInvoker invoker, Task task, IDisposable scope)
   at Microsoft.AspNetCore.Mvc.Infrastructure.ResourceInvoker.<InvokeAsync>g__Awaited|17_0(ResourceInvoker invoker, Task task, IDisposable scope)
   at Microsoft.AspNetCore.Routing.EndpointMiddleware.<Invoke>g__AwaitRequestTask|6_0(Endpoint endpoint, Task requestTask, ILogger logger)
   at Serilog.AspNetCore.RequestLoggingMiddleware.Invoke(HttpContext httpContext)
   at multitracks.API.RequestResponseLoggerMiddleware.Invoke(HttpContext httpContext) in C:\Users\Kehinde Aregbesola\Desktop\interview questions and answers\Multitracks\.net\Web\Multitracks.API\multitracks.Core\MiddleWare\RequestResponseLoggerMiddleware.cs:line 25
   at Microsoft.AspNetCore.Authorization.AuthorizationMiddleware.Invoke(HttpContext context)
   at Swashbuckle.AspNetCore.SwaggerUI.SwaggerUIMiddleware.Invoke(HttpContext httpContext)
   at Swashbuckle.AspNetCore.Swagger.SwaggerMiddleware.Invoke(HttpContext httpContext, ISwaggerProvider swaggerProvider)
   at multitracks.Core.MiddleWare.ExceptionHandlerMiddleware.Invoke(HttpContext httpContext) in C:\Users\Kehinde Aregbesola\Desktop\interview questions and answers\Multitracks\.net\Web\Multitracks.API\multitracks.Core\MiddleWare\ExceptionHandlerMiddleware.cs:line 29
2023-11-01 17:31:31.688 +01:00  ERR  An unhandled exception has occurred while executing the request.System.ObjectDisposedException: Cannot access a closed Stream.
   at System.IO.MemoryStream.Write(Byte[] buffer, Int32 offset, Int32 count)
   at System.IO.MemoryStream.WriteAsync(ReadOnlyMemory`1 buffer, CancellationToken cancellationToken)
--- End of stack trace from previous location ---
   at System.IO.Pipelines.StreamPipeWriter.FlushAsyncInternal(Boolean writeToStream, ReadOnlyMemory`1 data, CancellationToken cancellationToken)
   at multitracks.Core.MiddleWare.ExceptionHandlerMiddleware.HandleExceptionAsync(HttpContext httpContext, Exception ex) in C:\Users\Kehinde Aregbesola\Desktop\interview questions and answers\Multitracks\.net\Web\Multitracks.API\multitracks.Core\MiddleWare\ExceptionHandlerMiddleware.cs:line 56
   at multitracks.Core.MiddleWare.ExceptionHandlerMiddleware.Invoke(HttpContext httpContext) in C:\Users\Kehinde Aregbesola\Desktop\interview questions and answers\Multitracks\.net\Web\Multitracks.API\multitracks.Core\MiddleWare\ExceptionHandlerMiddleware.cs:line 33
   at Microsoft.AspNetCore.Diagnostics.DeveloperExceptionPageMiddleware.Invoke(HttpContext context)

2023-11-01 17:31:31.768 +01:00  ERR  An exception was thrown attempting to display the error page.System.ObjectDisposedException: Cannot access a closed Stream.
   at System.IO.MemoryStream.Write(Byte[] buffer, Int32 offset, Int32 count)
   at System.IO.MemoryStream.WriteAsync(ReadOnlyMemory`1 buffer, CancellationToken cancellationToken)
--- End of stack trace from previous location ---
   at System.IO.Pipelines.StreamPipeWriter.FlushAsyncInternal(Boolean writeToStream, ReadOnlyMemory`1 data, CancellationToken cancellationToken)
   at Microsoft.AspNetCore.Diagnostics.DeveloperExceptionPageMiddleware.Invoke(HttpContext context)

2023-11-01 17:31:31.816 +01:00  ERR  Connection id "0HMUQUVRGH158", Request id "0HMUQUVRGH158:00000009": An unhandled exception was thrown by the application.System.ObjectDisposedException: Cannot access a closed Stream.
   at System.IO.MemoryStream.Write(Byte[] buffer, Int32 offset, Int32 count)
   at System.IO.MemoryStream.WriteAsync(ReadOnlyMemory`1 buffer, CancellationToken cancellationToken)
--- End of stack trace from previous location ---
   at System.IO.Pipelines.StreamPipeWriter.FlushAsyncInternal(Boolean writeToStream, ReadOnlyMemory`1 data, CancellationToken cancellationToken)
   at multitracks.Core.MiddleWare.ExceptionHandlerMiddleware.HandleExceptionAsync(HttpContext httpContext, Exception ex) in C:\Users\Kehinde Aregbesola\Desktop\interview questions and answers\Multitracks\.net\Web\Multitracks.API\multitracks.Core\MiddleWare\ExceptionHandlerMiddleware.cs:line 56
   at multitracks.Core.MiddleWare.ExceptionHandlerMiddleware.Invoke(HttpContext httpContext) in C:\Users\Kehinde Aregbesola\Desktop\interview questions and answers\Multitracks\.net\Web\Multitracks.API\multitracks.Core\MiddleWare\ExceptionHandlerMiddleware.cs:line 33
   at Microsoft.AspNetCore.Diagnostics.DeveloperExceptionPageMiddleware.Invoke(HttpContext context)
   at Microsoft.AspNetCore.Diagnostics.DeveloperExceptionPageMiddleware.Invoke(HttpContext context)
   at Microsoft.AspNetCore.Watch.BrowserRefresh.BrowserRefreshMiddleware.InvokeAsync(HttpContext context)
   at Microsoft.AspNetCore.Server.Kestrel.Core.Internal.Http.HttpProtocol.ProcessRequests[TContext](IHttpApplication`1 application)

2023-11-01 17:32:06.745 +01:00  INF  Application is starting
