2023-10-10 20:04:05.512 +01:00  INF  Application is starting
2023-10-10 20:04:05.791 +01:00  FTL  Application fail to startMicrosoft.Extensions.Hosting.HostFactoryResolver+HostingListener+StopTheHostException: Exception of type 'Microsoft.Extensions.Hosting.HostFactoryResolver+HostingListener+StopTheHostException' was thrown.
   at Microsoft.Extensions.Hosting.HostFactoryResolver.HostingListener.OnNext(KeyValuePair`2 value)
   at System.Diagnostics.DiagnosticListener.Write(String name, Object value)
   at Microsoft.Extensions.Hosting.HostBuilder.Build()
   at Microsoft.AspNetCore.Builder.WebApplicationBuilder.Build()
   at Program.<Main>$(String[] args) in C:\Users\Kehinde Aregbesola\Desktop\interview questions and answers\Multitracks\.net\Web\Multitracks.API\multitracks.API\Program.cs:line 54

2023-10-10 20:05:18.212 +01:00  INF  Application is starting
2023-10-10 20:05:18.317 +01:00  FTL  Application fail to startMicrosoft.Extensions.Hosting.HostFactoryResolver+HostingListener+StopTheHostException: Exception of type 'Microsoft.Extensions.Hosting.HostFactoryResolver+HostingListener+StopTheHostException' was thrown.
   at Microsoft.Extensions.Hosting.HostFactoryResolver.HostingListener.OnNext(KeyValuePair`2 value)
   at System.Diagnostics.DiagnosticListener.Write(String name, Object value)
   at Microsoft.Extensions.Hosting.HostBuilder.Build()
   at Microsoft.AspNetCore.Builder.WebApplicationBuilder.Build()
   at Program.<Main>$(String[] args) in C:\Users\Kehinde Aregbesola\Desktop\interview questions and answers\Multitracks\.net\Web\Multitracks.API\multitracks.API\Program.cs:line 54

2023-10-10 20:05:28.251 +01:00  INF  Application is starting
2023-10-10 20:05:28.346 +01:00  FTL  Application fail to startMicrosoft.Extensions.Hosting.HostFactoryResolver+HostingListener+StopTheHostException: Exception of type 'Microsoft.Extensions.Hosting.HostFactoryResolver+HostingListener+StopTheHostException' was thrown.
   at Microsoft.Extensions.Hosting.HostFactoryResolver.HostingListener.OnNext(KeyValuePair`2 value)
   at System.Diagnostics.DiagnosticListener.Write(String name, Object value)
   at Microsoft.Extensions.Hosting.HostBuilder.Build()
   at Microsoft.AspNetCore.Builder.WebApplicationBuilder.Build()
   at Program.<Main>$(String[] args) in C:\Users\Kehinde Aregbesola\Desktop\interview questions and answers\Multitracks\.net\Web\Multitracks.API\multitracks.API\Program.cs:line 54

2023-10-10 20:05:45.587 +01:00  INF  Application is starting
2023-10-10 20:05:45.688 +01:00  FTL  Application fail to startMicrosoft.Extensions.Hosting.HostFactoryResolver+HostingListener+StopTheHostException: Exception of type 'Microsoft.Extensions.Hosting.HostFactoryResolver+HostingListener+StopTheHostException' was thrown.
   at Microsoft.Extensions.Hosting.HostFactoryResolver.HostingListener.OnNext(KeyValuePair`2 value)
   at System.Diagnostics.DiagnosticListener.Write(String name, Object value)
   at Microsoft.Extensions.Hosting.HostBuilder.Build()
   at Microsoft.AspNetCore.Builder.WebApplicationBuilder.Build()
   at Program.<Main>$(String[] args) in C:\Users\Kehinde Aregbesola\Desktop\interview questions and answers\Multitracks\.net\Web\Multitracks.API\multitracks.API\Program.cs:line 54

2023-10-10 20:06:10.533 +01:00  INF  Application is starting
2023-10-10 20:06:10.664 +01:00  FTL  Application fail to startMicrosoft.Extensions.Hosting.HostFactoryResolver+HostingListener+StopTheHostException: Exception of type 'Microsoft.Extensions.Hosting.HostFactoryResolver+HostingListener+StopTheHostException' was thrown.
   at Microsoft.Extensions.Hosting.HostFactoryResolver.HostingListener.OnNext(KeyValuePair`2 value)
   at System.Diagnostics.DiagnosticListener.Write(String name, Object value)
   at Microsoft.Extensions.Hosting.HostBuilder.Build()
   at Microsoft.AspNetCore.Builder.WebApplicationBuilder.Build()
   at Program.<Main>$(String[] args) in C:\Users\Kehinde Aregbesola\Desktop\interview questions and answers\Multitracks\.net\Web\Multitracks.API\multitracks.API\Program.cs:line 54

2023-10-10 20:06:18.393 +01:00  INF  Application is starting
2023-10-10 20:06:18.501 +01:00  FTL  Application fail to startMicrosoft.Extensions.Hosting.HostFactoryResolver+HostingListener+StopTheHostException: Exception of type 'Microsoft.Extensions.Hosting.HostFactoryResolver+HostingListener+StopTheHostException' was thrown.
   at Microsoft.Extensions.Hosting.HostFactoryResolver.HostingListener.OnNext(KeyValuePair`2 value)
   at System.Diagnostics.DiagnosticListener.Write(String name, Object value)
   at Microsoft.Extensions.Hosting.HostBuilder.Build()
   at Microsoft.AspNetCore.Builder.WebApplicationBuilder.Build()
   at Program.<Main>$(String[] args) in C:\Users\Kehinde Aregbesola\Desktop\interview questions and answers\Multitracks\.net\Web\Multitracks.API\multitracks.API\Program.cs:line 54

2023-10-10 20:48:28.935 +01:00  INF  Application is starting
2023-10-10 20:48:29.014 +01:00  FTL  Application fail to startSystem.AggregateException: Failed to emit a log event. (A connection was successfully established with the server, but then an error occurred during the login process. (provider: SSL Provider, error: 0 - The certificate chain was issued by an authority that is not trusted.))
 ---> Microsoft.Data.SqlClient.SqlException (0x80131904): A connection was successfully established with the server, but then an error occurred during the login process. (provider: SSL Provider, error: 0 - The certificate chain was issued by an authority that is not trusted.)
 ---> System.ComponentModel.Win32Exception (0x80090325): The certificate chain was issued by an authority that is not trusted.
   at Microsoft.Data.ProviderBase.DbConnectionPool.TryGetConnection(DbConnection owningObject, UInt32 waitForMultipleObjectsTimeout, Boolean allowCreate, Boolean onlyOneCheckConnection, DbConnectionOptions userOptions, DbConnectionInternal& connection)
   at Microsoft.Data.ProviderBase.DbConnectionPool.TryGetConnection(DbConnection owningObject, TaskCompletionSource`1 retry, DbConnectionOptions userOptions, DbConnectionInternal& connection)
   at Microsoft.Data.ProviderBase.DbConnectionFactory.TryGetConnection(DbConnection owningConnection, TaskCompletionSource`1 retry, DbConnectionOptions userOptions, DbConnectionInternal oldConnection, DbConnectionInternal& connection)
   at Microsoft.Data.ProviderBase.DbConnectionInternal.TryOpenConnectionInternal(DbConnection outerConnection, DbConnectionFactory connectionFactory, TaskCompletionSource`1 retry, DbConnectionOptions userOptions)
   at Microsoft.Data.SqlClient.SqlConnection.TryOpen(TaskCompletionSource`1 retry, SqlConnectionOverrides overrides)
   at Microsoft.Data.SqlClient.SqlConnection.Open(SqlConnectionOverrides overrides)
   at Serilog.Sinks.MSSqlServer.Platform.SqlLogEventWriter.WriteEvent(LogEvent logEvent)
   at Serilog.Core.Sinks.AggregateSink.Emit(LogEvent logEvent)
ClientConnectionId:1cf83b81-2435-4039-8604-7886237edfd2
Error Number:-2146893019,State:0,Class:20
   --- End of inner exception stack trace ---
   at Serilog.Core.Sinks.AggregateSink.Emit(LogEvent logEvent)
   at Serilog.Core.Logger.Information(String messageTemplate)
   at Program.<Main>$(String[] args) in C:\Users\Kehinde Aregbesola\Desktop\interview questions and answers\Multitracks\.net\Web\Multitracks.API\multitracks.API\Program.cs:line 32

2023-10-10 20:49:24.563 +01:00  INF  Application is starting
2023-10-10 20:49:25.477 +01:00  FTL  Application fail to startSystem.InvalidOperationException: Unable to resolve service for type 'Serilog.Extensions.Hosting.DiagnosticContext' while attempting to activate 'Serilog.AspNetCore.RequestLoggingMiddleware'.
   at Microsoft.Extensions.Internal.ActivatorUtilities.ConstructorMatcher.CreateInstance(IServiceProvider provider)
   at Microsoft.Extensions.Internal.ActivatorUtilities.CreateInstance(IServiceProvider provider, Type instanceType, Object[] parameters)
   at Microsoft.AspNetCore.Builder.UseMiddlewareExtensions.<>c__DisplayClass5_0.<UseMiddleware>b__0(RequestDelegate next)
   at Microsoft.AspNetCore.Builder.ApplicationBuilder.Build()
   at Microsoft.AspNetCore.Builder.WebApplicationBuilder.<ConfigureApplication>b__27_0(RequestDelegate next)
   at Microsoft.AspNetCore.Builder.ApplicationBuilder.Build()
   at Microsoft.AspNetCore.Hosting.GenericWebHostService.StartAsync(CancellationToken cancellationToken)
   at Microsoft.Extensions.Hosting.Internal.Host.StartAsync(CancellationToken cancellationToken)
   at Microsoft.Extensions.Hosting.HostingAbstractionsHostExtensions.RunAsync(IHost host, CancellationToken token)
   at Microsoft.Extensions.Hosting.HostingAbstractionsHostExtensions.RunAsync(IHost host, CancellationToken token)
   at Microsoft.Extensions.Hosting.HostingAbstractionsHostExtensions.Run(IHost host)
   at Microsoft.AspNetCore.Builder.WebApplication.Run(String url)
   at Program.<Main>$(String[] args) in C:\Users\Kehinde Aregbesola\Desktop\interview questions and answers\Multitracks\.net\Web\Multitracks.API\multitracks.API\Program.cs:line 81

2023-10-10 20:49:35.417 +01:00  INF  Application is starting
2023-10-10 20:49:35.966 +01:00  FTL  Application fail to startSystem.InvalidOperationException: Unable to resolve service for type 'Serilog.Extensions.Hosting.DiagnosticContext' while attempting to activate 'Serilog.AspNetCore.RequestLoggingMiddleware'.
   at Microsoft.Extensions.Internal.ActivatorUtilities.ConstructorMatcher.CreateInstance(IServiceProvider provider)
   at Microsoft.Extensions.Internal.ActivatorUtilities.CreateInstance(IServiceProvider provider, Type instanceType, Object[] parameters)
   at Microsoft.AspNetCore.Builder.UseMiddlewareExtensions.<>c__DisplayClass5_0.<UseMiddleware>b__0(RequestDelegate next)
   at Microsoft.AspNetCore.Builder.ApplicationBuilder.Build()
   at Microsoft.AspNetCore.Builder.WebApplicationBuilder.<ConfigureApplication>b__27_0(RequestDelegate next)
   at Microsoft.AspNetCore.Builder.ApplicationBuilder.Build()
   at Microsoft.AspNetCore.Hosting.GenericWebHostService.StartAsync(CancellationToken cancellationToken)
   at Microsoft.Extensions.Hosting.Internal.Host.StartAsync(CancellationToken cancellationToken)
   at Microsoft.Extensions.Hosting.HostingAbstractionsHostExtensions.RunAsync(IHost host, CancellationToken token)
   at Microsoft.Extensions.Hosting.HostingAbstractionsHostExtensions.RunAsync(IHost host, CancellationToken token)
   at Microsoft.Extensions.Hosting.HostingAbstractionsHostExtensions.Run(IHost host)
   at Microsoft.AspNetCore.Builder.WebApplication.Run(String url)
   at Program.<Main>$(String[] args) in C:\Users\Kehinde Aregbesola\Desktop\interview questions and answers\Multitracks\.net\Web\Multitracks.API\multitracks.API\Program.cs:line 81

2023-10-10 20:51:41.310 +01:00  INF  Application is starting
2023-10-10 21:03:37.146 +01:00  INF  Application is starting
2023-10-10 21:38:29.669 +01:00  INF  Application is starting
2023-10-10 21:41:04.312 +01:00  INF  Application is starting
2023-10-10 21:42:50.034 +01:00  INF  Application is starting
2023-10-10 21:48:44.588 +01:00  INF  Application is starting
2023-10-10 21:53:28.843 +01:00  INF  Application is starting
2023-10-10 21:59:47.564 +01:00  INF  Application is starting
2023-10-10 21:59:47.827 +01:00  FTL  Application fail to startSystem.InvalidOperationException: Cannot modify ServiceCollection after application is built.
   at Microsoft.AspNetCore.WebApplicationServiceCollection.CheckServicesAccess()
   at Microsoft.AspNetCore.WebApplicationServiceCollection.Add(ServiceDescriptor item)
   at Microsoft.Extensions.DependencyInjection.ServiceCollectionServiceExtensions.AddSingleton(IServiceCollection services, Type serviceType, Object implementationInstance)
   at Microsoft.Extensions.DependencyInjection.ServiceCollectionServiceExtensions.AddSingleton[TService](IServiceCollection services, TService implementationInstance)
   at Serilog.SerilogLoggingBuilderExtensions.AddSerilog(ILoggingBuilder builder, ILogger logger, Boolean dispose)
   at Program.<Main>$(String[] args) in C:\Users\Kehinde Aregbesola\Desktop\interview questions and answers\Multitracks\.net\Web\Multitracks.API\multitracks.API\Program.cs:line 80

2023-10-10 22:00:32.872 +01:00  INF  Application is starting
2023-10-10 22:00:33.109 +01:00  FTL  Application fail to startSystem.InvalidOperationException: Cannot modify ServiceCollection after application is built.
   at Microsoft.AspNetCore.WebApplicationServiceCollection.CheckServicesAccess()
   at Microsoft.AspNetCore.WebApplicationServiceCollection.Add(ServiceDescriptor item)
   at Microsoft.Extensions.DependencyInjection.ServiceCollectionServiceExtensions.AddSingleton(IServiceCollection services, Type serviceType, Object implementationInstance)
   at Microsoft.Extensions.DependencyInjection.ServiceCollectionServiceExtensions.AddSingleton[TService](IServiceCollection services, TService implementationInstance)
   at Serilog.SerilogLoggingBuilderExtensions.AddSerilog(ILoggingBuilder builder, ILogger logger, Boolean dispose)
   at Program.<Main>$(String[] args) in C:\Users\Kehinde Aregbesola\Desktop\interview questions and answers\Multitracks\.net\Web\Multitracks.API\multitracks.API\Program.cs:line 80

2023-10-10 22:02:56.558 +01:00  INF  Application is starting
2023-10-10 22:02:56.824 +01:00  FTL  Application fail to startSystem.InvalidOperationException: Cannot modify ServiceCollection after application is built.
   at Microsoft.AspNetCore.WebApplicationServiceCollection.CheckServicesAccess()
   at Microsoft.AspNetCore.WebApplicationServiceCollection.Add(ServiceDescriptor item)
   at Microsoft.Extensions.DependencyInjection.ServiceCollectionServiceExtensions.AddSingleton(IServiceCollection services, Type serviceType, Object implementationInstance)
   at Microsoft.Extensions.DependencyInjection.ServiceCollectionServiceExtensions.AddSingleton[TService](IServiceCollection services, TService implementationInstance)
   at Serilog.SerilogLoggingBuilderExtensions.AddSerilog(ILoggingBuilder builder, ILogger logger, Boolean dispose)
   at Program.<Main>$(String[] args) in C:\Users\Kehinde Aregbesola\Desktop\interview questions and answers\Multitracks\.net\Web\Multitracks.API\multitracks.API\Program.cs:line 81

2023-10-10 22:13:46.701 +01:00  INF  Application is starting
2023-10-10 22:22:22.286 +01:00  INF  Application is starting
2023-10-10 22:39:19.534 +01:00  INF  Application is starting
