2023-05-21 23:32:46.290 +01:00  INF  Application is starting
2023-05-21 23:32:47.573 +01:00  INF  Now listening on: https://localhost:7143
2023-05-21 23:32:47.577 +01:00  INF  Now listening on: http://localhost:5080
2023-05-21 23:32:47.581 +01:00  INF  Application started. Press Ctrl+C to shut down.
2023-05-21 23:32:47.581 +01:00  INF  Hosting environment: Development
2023-05-21 23:32:47.581 +01:00  INF  Content root path: C:\Users\Kehinde Aregbesola\Desktop\interview questions and answers\Multitracks\.net\Web\Multitracks.API\multitracks.API\
2023-05-21 23:32:48.601 +01:00  INF  Request starting HTTP/2 GET https://localhost:7143/swagger/index.html - -
2023-05-21 23:32:49.153 +01:00  INF  Request finished HTTP/2 GET https://localhost:7143/swagger/index.html - - - 200 - text/html;charset=utf-8 556.8197ms
2023-05-21 23:32:49.233 +01:00  INF  Request starting HTTP/2 GET https://localhost:7143/_framework/aspnetcore-browser-refresh.js - -
2023-05-21 23:32:49.239 +01:00  INF  Request finished HTTP/2 GET https://localhost:7143/_framework/aspnetcore-browser-refresh.js - - - 200 12000 application/javascript;+charset=utf-8 5.9287ms
2023-05-21 23:32:49.380 +01:00  INF  Request starting HTTP/2 GET https://localhost:7143/_vs/browserLink - -
2023-05-21 23:32:49.467 +01:00  INF  Request finished HTTP/2 GET https://localhost:7143/_vs/browserLink - - - 200 - text/javascript;+charset=UTF-8 86.5392ms
2023-05-21 23:32:50.099 +01:00  INF  Request starting HTTP/2 GET https://localhost:7143/swagger/v1/swagger.json - -
2023-05-21 23:32:50.254 +01:00  INF  Request finished HTTP/2 GET https://localhost:7143/swagger/v1/swagger.json - - - 200 - application/json;charset=utf-8 155.0787ms
2023-05-21 23:33:17.670 +01:00  INF  Request starting HTTP/2 GET https://localhost:7143/api/Artist/search/jj - -
2023-05-21 23:33:17.681 +01:00  INF  Executing endpoint 'multitracks.API.Controllers.ArtistController.Search (multitracks.API)'
2023-05-21 23:33:17.712 +01:00  INF  Route matched with {action = "Search", controller = "Artist"}. Executing controller action with signature System.Threading.Tasks.Task`1[Microsoft.AspNetCore.Mvc.IActionResult] Search(System.String) on controller multitracks.API.Controllers.ArtistController (multitracks.API).
2023-05-21 23:33:18.326 +01:00  INF  Executing search artist endpoint
2023-05-21 23:33:18.327 +01:00  INF  Calling the search artist method.
2023-05-21 23:33:18.950 +01:00  WRN  No store type was specified for the decimal property 'Bpm' on entity type 'Song'. This will cause values to be silently truncated if they do not fit in the default precision and scale. Explicitly specify the SQL server column type that can accommodate all the values in 'OnModelCreating' using 'HasColumnType', specify precision and scale using 'HasPrecision', or configure a value converter using 'HasConversion'.
2023-05-21 23:33:19.100 +01:00  INF  Entity Framework Core 6.0.16 initialized 'ApplicationDbContext' using provider 'Microsoft.EntityFrameworkCore.SqlServer:6.0.16' with options: None
2023-05-21 23:33:20.553 +01:00  INF  Executed DbCommand (107ms) [Parameters=[@__ToLower_0='?' (Size = 4000)], CommandType='"Text"', CommandTimeout='30']
SELECT [a].[ArtistId], [a].[Biography], [a].[DateCreation], [a].[HeroUrl], [a].[ImageUrl], [a].[Title]
FROM [Artist] AS [a]
WHERE (@__ToLower_0 LIKE N'') OR (CHARINDEX(@__ToLower_0, LOWER([a].[Title])) > 0)
2023-05-21 23:33:20.711 +01:00  INF  Executing ObjectResult, writing value of type 'multitracks.Core.Dtos.ResponseDto`1[[System.Collections.Generic.List`1[[multitracks.Core.Dtos.GetArtistDto, multitracks.Core, Version=1.0.0.0, Culture=neutral, PublicKeyToken=null]], System.Private.CoreLib, Version=6.0.0.0, Culture=neutral, PublicKeyToken=7cec85d7bea7798e]]'.
2023-05-21 23:33:20.727 +01:00  INF  Executed action multitracks.API.Controllers.ArtistController.Search (multitracks.API) in 3009.1268ms
2023-05-21 23:33:20.728 +01:00  INF  Executed endpoint 'multitracks.API.Controllers.ArtistController.Search (multitracks.API)'
2023-05-21 23:33:20.739 +01:00  INF  Request finished HTTP/2 GET https://localhost:7143/api/Artist/search/jj - - - 200 - application/json;+charset=utf-8 3069.4784ms
2023-05-21 23:33:31.547 +01:00  INF  Request starting HTTP/2 POST https://localhost:7143/api/Artist/create-artist application/json 95
2023-05-21 23:33:31.550 +01:00  INF  Executing endpoint 'multitracks.API.Controllers.ArtistController.CreateArtist (multitracks.API)'
2023-05-21 23:33:31.556 +01:00  INF  Route matched with {action = "CreateArtist", controller = "Artist"}. Executing controller action with signature System.Threading.Tasks.Task`1[Microsoft.AspNetCore.Mvc.IActionResult] CreateArtist(multitracks.Core.Dtos.CreateArtistDto) on controller multitracks.API.Controllers.ArtistController (multitracks.API).
2023-05-21 23:33:31.573 +01:00  INF  Executing create artist endpoint
2023-05-21 23:33:31.574 +01:00  INF  Calling the create artist method.
2023-05-21 23:33:31.594 +01:00  INF  Entity Framework Core 6.0.16 initialized 'ApplicationDbContext' using provider 'Microsoft.EntityFrameworkCore.SqlServer:6.0.16' with options: None
2023-05-21 23:33:31.748 +01:00  INF  Executed DbCommand (13ms) [Parameters=[@p0='?' (Size = 4000), @p1='?' (DbType = DateTime2), @p2='?' (Size = 4000), @p3='?' (Size = 4000), @p4='?' (Size = 4000)], CommandType='"Text"', CommandTimeout='30']
SET NOCOUNT ON;
INSERT INTO [Artist] ([Biography], [DateCreation], [HeroUrl], [ImageUrl], [Title])
VALUES (@p0, @p1, @p2, @p3, @p4);
SELECT [ArtistId]
FROM [Artist]
WHERE @@ROWCOUNT = 1 AND [ArtistId] = scope_identity();
2023-05-21 23:33:31.803 +01:00  INF  Executing ObjectResult, writing value of type 'multitracks.Core.Dtos.ResponseDto`1[[multitracks.Core.Dtos.GetArtistDto, multitracks.Core, Version=1.0.0.0, Culture=neutral, PublicKeyToken=null]]'.
2023-05-21 23:33:31.805 +01:00  INF  Executed action multitracks.API.Controllers.ArtistController.CreateArtist (multitracks.API) in 248.3102ms
2023-05-21 23:33:31.805 +01:00  INF  Executed endpoint 'multitracks.API.Controllers.ArtistController.CreateArtist (multitracks.API)'
2023-05-21 23:33:31.805 +01:00  INF  Request finished HTTP/2 POST https://localhost:7143/api/Artist/create-artist application/json 95 - 201 - application/json;+charset=utf-8 257.5822ms
2023-05-21 23:33:53.566 +01:00  INF  Request starting HTTP/2 GET https://localhost:7143/api/Song/list - -
2023-05-21 23:33:53.598 +01:00  INF  Executing endpoint 'multitracks.API.Controllers.SongController.ListAllSong (multitracks.API)'
2023-05-21 23:33:53.625 +01:00  INF  Route matched with {action = "ListAllSong", controller = "Song"}. Executing controller action with signature System.Threading.Tasks.Task`1[Microsoft.AspNetCore.Mvc.IActionResult] ListAllSong(multitracks.Core.Dtos.RequestParam) on controller multitracks.API.Controllers.SongController (multitracks.API).
2023-05-21 23:33:53.629 +01:00  INF  Executing list all songs endpoint
2023-05-21 23:33:58.053 +01:00  INF  Calling the get all songs  method.
2023-05-21 23:33:58.089 +01:00  INF  Entity Framework Core 6.0.16 initialized 'ApplicationDbContext' using provider 'Microsoft.EntityFrameworkCore.SqlServer:6.0.16' with options: None
2023-05-21 23:33:58.177 +01:00  INF  Executed DbCommand (16ms) [Parameters=[@__p_0='?' (DbType = Int32), @__p_1='?' (DbType = Int32)], CommandType='"Text"', CommandTimeout='30']
SELECT [t].[SongId], [t].[AlbumId], [t].[ArtistId], [t].[Bpm], [t].[Chart], [t].[CustomMix], [t].[DateCreation], [t].[Multitracks], [t].[Patches], [t].[ProPresenter], [t].[RehearsalMix], [t].[SongSpecificPatches], [t].[TimeSignature], [t].[Title], [a].[ArtistId], [a].[Biography], [a].[DateCreation], [a].[HeroUrl], [a].[ImageUrl], [a].[Title], [a0].[AlbumId], [a0].[ArtistId], [a0].[DateCreation], [a0].[ImageUrl], [a0].[Title], [a0].[Year]
FROM (
    SELECT [s].[SongId], [s].[AlbumId], [s].[ArtistId], [s].[Bpm], [s].[Chart], [s].[CustomMix], [s].[DateCreation], [s].[Multitracks], [s].[Patches], [s].[ProPresenter], [s].[RehearsalMix], [s].[SongSpecificPatches], [s].[TimeSignature], [s].[Title]
    FROM [Song] AS [s]
    ORDER BY [s].[SongId]
    OFFSET @__p_0 ROWS FETCH NEXT @__p_1 ROWS ONLY
) AS [t]
INNER JOIN [Artist] AS [a] ON [t].[ArtistId] = [a].[ArtistId]
INNER JOIN [Album] AS [a0] ON [t].[AlbumId] = [a0].[AlbumId]
ORDER BY [t].[SongId]
2023-05-21 23:33:58.221 +01:00  INF  Executing ObjectResult, writing value of type 'multitracks.Core.Dtos.ResponseDto`1[[System.Collections.Generic.List`1[[multitracks.Core.Dtos.GetSongDto, multitracks.Core, Version=1.0.0.0, Culture=neutral, PublicKeyToken=null]], System.Private.CoreLib, Version=6.0.0.0, Culture=neutral, PublicKeyToken=7cec85d7bea7798e]]'.
2023-05-21 23:33:58.228 +01:00  INF  Executed action multitracks.API.Controllers.SongController.ListAllSong (multitracks.API) in 4603.0886ms
2023-05-21 23:33:58.228 +01:00  INF  Executed endpoint 'multitracks.API.Controllers.SongController.ListAllSong (multitracks.API)'
2023-05-21 23:33:58.228 +01:00  INF  Request finished HTTP/2 GET https://localhost:7143/api/Song/list - - - 200 - application/json;+charset=utf-8 4662.1860ms
