2023-11-01 17:14:55.872 +01:00  INF  Executing search artist endpoint
2023-11-01 17:14:55.949 +01:00  INF  Calling the search artist method.
2023-11-01 17:14:56.881 +01:00  WRN  No store type was specified for the decimal property 'Bpm' on entity type 'Song'. This will cause values to be silently truncated if they do not fit in the default precision and scale. Explicitly specify the SQL server column type that can accommodate all the values in 'OnModelCreating' using 'HasColumnType', specify precision and scale using 'HasPrecision', or configure a value converter using 'HasConversion'.
2023-11-01 17:14:58.485 +01:00  INF  HTTP GET /api/Artist/search/is responded 200 in 3273.3131 ms
2023-11-01 17:14:58.796 +01:00  ERR  HTTP GET /api/Artist/search/is responded 500 in 3593.6367 msSystem.AggregateException: Failed to emit a log event. (String or binary data would be truncated in table 'Multitracks.dbo.AuditLog', column 'ResponseBody'. Truncated value: '200, Body: {"statusCode":200,"status":true,"message":"Success","data":[{"artistId":1,"title":"Israel'.
The statement has been terminated.)
 ---> Microsoft.Data.SqlClient.SqlException (0x80131904): String or binary data would be truncated in table 'Multitracks.dbo.AuditLog', column 'ResponseBody'. Truncated value: '200, Body: {"statusCode":200,"status":true,"message":"Success","data":[{"artistId":1,"title":"Israel'.
The statement has been terminated.
   at Microsoft.Data.SqlClient.SqlConnection.OnError(SqlException exception, Boolean breakConnection, Action`1 wrapCloseInAction)
   at Microsoft.Data.SqlClient.TdsParser.ThrowExceptionAndWarning(TdsParserStateObject stateObj, Boolean callerHasConnectionLock, Boolean asyncClose)
   at Microsoft.Data.SqlClient.TdsParser.TryRun(RunBehavior runBehavior, SqlCommand cmdHandler, SqlDataReader dataStream, BulkCopySimpleResultSet bulkCopyHandler, TdsParserStateObject stateObj, Boolean& dataReady)
   at Microsoft.Data.SqlClient.SqlCommand.FinishExecuteReader(SqlDataReader ds, RunBehavior runBehavior, String resetOptionsString, Boolean isInternal, Boolean forDescribeParameterEncryption, Boolean shouldCacheForAlwaysEncrypted)
   at Microsoft.Data.SqlClient.SqlCommand.RunExecuteReaderTds(CommandBehavior cmdBehavior, RunBehavior runBehavior, Boolean returnStream, Boolean isAsync, Int32 timeout, Task& task, Boolean asyncWrite, Boolean inRetry, SqlDataReader ds, Boolean describeParameterEncryptionRequest)
   at Microsoft.Data.SqlClient.SqlCommand.RunExecuteReader(CommandBehavior cmdBehavior, RunBehavior runBehavior, Boolean returnStream, TaskCompletionSource`1 completion, Int32 timeout, Task& task, Boolean& usedCache, Boolean asyncWrite, Boolean inRetry, String method)
   at Microsoft.Data.SqlClient.SqlCommand.InternalExecuteNonQuery(TaskCompletionSource`1 completion, Boolean sendToPipe, Int32 timeout, Boolean& usedCache, Boolean asyncWrite, Boolean inRetry, String methodName)
   at Microsoft.Data.SqlClient.SqlCommand.ExecuteNonQuery()
   at Serilog.Sinks.MSSqlServer.Platform.SqlLogEventWriter.WriteEvent(LogEvent logEvent)
   at Serilog.Core.Sinks.AggregateSink.Emit(LogEvent logEvent)
ClientConnectionId:1a56dc48-e9f8-4e72-a2d4-8c590e8b014e
Error Number:2628,State:1,Class:16
   --- End of inner exception stack trace ---
   at Serilog.Core.Sinks.AggregateSink.Emit(LogEvent logEvent)
   at Serilog.AspNetCore.RequestLoggingMiddleware.LogCompletion(HttpContext httpContext, DiagnosticContextCollector collector, Int32 statusCode, Double elapsedMs, Exception ex)
   at Serilog.AspNetCore.RequestLoggingMiddleware.Invoke(HttpContext httpContext)

2023-11-01 17:15:10.973 +01:00  ERR  Error Processing Request
2023-11-01 17:15:10.978 +01:00  INF  System encountered an error:
 System.AggregateException: Failed to emit a log event. (String or binary data would be truncated in table 'Multitracks.dbo.AuditLog', column 'ResponseBody'. Truncated value: '200, Body: {"statusCode":200,"status":true,"message":"Success","data":[{"artistId":1,"title":"Israel'.
The statement has been terminated.)
 ---> Microsoft.Data.SqlClient.SqlException (0x80131904): String or binary data would be truncated in table 'Multitracks.dbo.AuditLog', column 'ResponseBody'. Truncated value: '200, Body: {"statusCode":200,"status":true,"message":"Success","data":[{"artistId":1,"title":"Israel'.
The statement has been terminated.
   at Microsoft.Data.SqlClient.SqlConnection.OnError(SqlException exception, Boolean breakConnection, Action`1 wrapCloseInAction)
   at Microsoft.Data.SqlClient.TdsParser.ThrowExceptionAndWarning(TdsParserStateObject stateObj, Boolean callerHasConnectionLock, Boolean asyncClose)
   at Microsoft.Data.SqlClient.TdsParser.TryRun(RunBehavior runBehavior, SqlCommand cmdHandler, SqlDataReader dataStream, BulkCopySimpleResultSet bulkCopyHandler, TdsParserStateObject stateObj, Boolean& dataReady)
   at Microsoft.Data.SqlClient.SqlCommand.FinishExecuteReader(SqlDataReader ds, RunBehavior runBehavior, String resetOptionsString, Boolean isInternal, Boolean forDescribeParameterEncryption, Boolean shouldCacheForAlwaysEncrypted)
   at Microsoft.Data.SqlClient.SqlCommand.RunExecuteReaderTds(CommandBehavior cmdBehavior, RunBehavior runBehavior, Boolean returnStream, Boolean isAsync, Int32 timeout, Task& task, Boolean asyncWrite, Boolean inRetry, SqlDataReader ds, Boolean describeParameterEncryptionRequest)
   at Microsoft.Data.SqlClient.SqlCommand.RunExecuteReader(CommandBehavior cmdBehavior, RunBehavior runBehavior, Boolean returnStream, TaskCompletionSource`1 completion, Int32 timeout, Task& task, Boolean& usedCache, Boolean asyncWrite, Boolean inRetry, String method)
   at Microsoft.Data.SqlClient.SqlCommand.InternalExecuteNonQuery(TaskCompletionSource`1 completion, Boolean sendToPipe, Int32 timeout, Boolean& usedCache, Boolean asyncWrite, Boolean inRetry, String methodName)
   at Microsoft.Data.SqlClient.SqlCommand.ExecuteNonQuery()
   at Serilog.Sinks.MSSqlServer.Platform.SqlLogEventWriter.WriteEvent(LogEvent logEvent)
   at Serilog.Core.Sinks.AggregateSink.Emit(LogEvent logEvent)
ClientConnectionId:1a56dc48-e9f8-4e72-a2d4-8c590e8b014e
Error Number:2628,State:1,Class:16
   --- End of inner exception stack trace ---
   at Serilog.Core.Sinks.AggregateSink.Emit(LogEvent logEvent)
   at Serilog.AspNetCore.RequestLoggingMiddleware.LogCompletion(HttpContext httpContext, DiagnosticContextCollector collector, Int32 statusCode, Double elapsedMs, Exception ex)
   at Serilog.AspNetCore.RequestLoggingMiddleware.Invoke(HttpContext httpContext)
   at multitracks.API.RequestResponseLoggerMiddleware.Invoke(HttpContext httpContext) in C:\Users\Kehinde Aregbesola\Desktop\interview questions and answers\Multitracks\.net\Web\Multitracks.API\multitracks.Core\MiddleWare\RequestResponseLoggerMiddleware.cs:line 25
   at Microsoft.AspNetCore.Authorization.AuthorizationMiddleware.Invoke(HttpContext context)
   at Swashbuckle.AspNetCore.SwaggerUI.SwaggerUIMiddleware.Invoke(HttpContext httpContext)
   at Swashbuckle.AspNetCore.Swagger.SwaggerMiddleware.Invoke(HttpContext httpContext, ISwaggerProvider swaggerProvider)
   at multitracks.Core.MiddleWare.ExceptionHandlerMiddleware.Invoke(HttpContext httpContext) in C:\Users\Kehinde Aregbesola\Desktop\interview questions and answers\Multitracks\.net\Web\Multitracks.API\multitracks.Core\MiddleWare\ExceptionHandlerMiddleware.cs:line 29 
    at Serilog.Core.Sinks.AggregateSink.Emit(LogEvent logEvent)
   at Serilog.AspNetCore.RequestLoggingMiddleware.LogCompletion(HttpContext httpContext, DiagnosticContextCollector collector, Int32 statusCode, Double elapsedMs, Exception ex)
   at Serilog.AspNetCore.RequestLoggingMiddleware.Invoke(HttpContext httpContext)
   at multitracks.API.RequestResponseLoggerMiddleware.Invoke(HttpContext httpContext) in C:\Users\Kehinde Aregbesola\Desktop\interview questions and answers\Multitracks\.net\Web\Multitracks.API\multitracks.Core\MiddleWare\RequestResponseLoggerMiddleware.cs:line 25
   at Microsoft.AspNetCore.Authorization.AuthorizationMiddleware.Invoke(HttpContext context)
   at Swashbuckle.AspNetCore.SwaggerUI.SwaggerUIMiddleware.Invoke(HttpContext httpContext)
   at Swashbuckle.AspNetCore.Swagger.SwaggerMiddleware.Invoke(HttpContext httpContext, ISwaggerProvider swaggerProvider)
   at multitracks.Core.MiddleWare.ExceptionHandlerMiddleware.Invoke(HttpContext httpContext) in C:\Users\Kehinde Aregbesola\Desktop\interview questions and answers\Multitracks\.net\Web\Multitracks.API\multitracks.Core\MiddleWare\ExceptionHandlerMiddleware.cs:line 29
2023-11-01 17:15:11.360 +01:00  ERR  An unhandled exception has occurred while executing the request.System.ObjectDisposedException: Cannot access a closed Stream.
   at System.IO.MemoryStream.Write(Byte[] buffer, Int32 offset, Int32 count)
   at System.IO.MemoryStream.WriteAsync(ReadOnlyMemory`1 buffer, CancellationToken cancellationToken)
--- End of stack trace from previous location ---
   at System.IO.Pipelines.StreamPipeWriter.FlushAsyncInternal(Boolean writeToStream, ReadOnlyMemory`1 data, CancellationToken cancellationToken)
   at multitracks.Core.MiddleWare.ExceptionHandlerMiddleware.HandleExceptionAsync(HttpContext httpContext, Exception ex) in C:\Users\Kehinde Aregbesola\Desktop\interview questions and answers\Multitracks\.net\Web\Multitracks.API\multitracks.Core\MiddleWare\ExceptionHandlerMiddleware.cs:line 56
   at multitracks.Core.MiddleWare.ExceptionHandlerMiddleware.Invoke(HttpContext httpContext) in C:\Users\Kehinde Aregbesola\Desktop\interview questions and answers\Multitracks\.net\Web\Multitracks.API\multitracks.Core\MiddleWare\ExceptionHandlerMiddleware.cs:line 33
   at Microsoft.AspNetCore.Diagnostics.DeveloperExceptionPageMiddleware.Invoke(HttpContext context)

2023-11-01 17:15:11.498 +01:00  ERR  An exception was thrown attempting to display the error page.System.ObjectDisposedException: Cannot access a closed Stream.
   at System.IO.MemoryStream.Write(Byte[] buffer, Int32 offset, Int32 count)
   at System.IO.MemoryStream.WriteAsync(ReadOnlyMemory`1 buffer, CancellationToken cancellationToken)
--- End of stack trace from previous location ---
   at System.IO.Pipelines.StreamPipeWriter.FlushAsyncInternal(Boolean writeToStream, ReadOnlyMemory`1 data, CancellationToken cancellationToken)
   at Microsoft.AspNetCore.Diagnostics.DeveloperExceptionPageMiddleware.Invoke(HttpContext context)

2023-11-01 17:15:11.610 +01:00  ERR  Connection id "0HMUQUML7VAGG", Request id "0HMUQUML7VAGG:00000009": An unhandled exception was thrown by the application.System.ObjectDisposedException: Cannot access a closed Stream.
   at System.IO.MemoryStream.Write(Byte[] buffer, Int32 offset, Int32 count)
   at System.IO.MemoryStream.WriteAsync(ReadOnlyMemory`1 buffer, CancellationToken cancellationToken)
--- End of stack trace from previous location ---
   at System.IO.Pipelines.StreamPipeWriter.FlushAsyncInternal(Boolean writeToStream, ReadOnlyMemory`1 data, CancellationToken cancellationToken)
   at multitracks.Core.MiddleWare.ExceptionHandlerMiddleware.HandleExceptionAsync(HttpContext httpContext, Exception ex) in C:\Users\Kehinde Aregbesola\Desktop\interview questions and answers\Multitracks\.net\Web\Multitracks.API\multitracks.Core\MiddleWare\ExceptionHandlerMiddleware.cs:line 56
   at multitracks.Core.MiddleWare.ExceptionHandlerMiddleware.Invoke(HttpContext httpContext) in C:\Users\Kehinde Aregbesola\Desktop\interview questions and answers\Multitracks\.net\Web\Multitracks.API\multitracks.Core\MiddleWare\ExceptionHandlerMiddleware.cs:line 33
   at Microsoft.AspNetCore.Diagnostics.DeveloperExceptionPageMiddleware.Invoke(HttpContext context)
   at Microsoft.AspNetCore.Diagnostics.DeveloperExceptionPageMiddleware.Invoke(HttpContext context)
   at Microsoft.AspNetCore.Watch.BrowserRefresh.BrowserRefreshMiddleware.InvokeAsync(HttpContext context)
   at Microsoft.AspNetCore.Server.Kestrel.Core.Internal.Http.HttpProtocol.ProcessRequests[TContext](IHttpApplication`1 application)

2023-11-01 17:18:05.016 +01:00  INF  Application is starting
