2023-07-17 10:43:41.196 +01:00  INF  Application is starting
2023-07-17 10:43:42.861 +01:00  INF  Now listening on: https://localhost:7143
2023-07-17 10:43:42.867 +01:00  INF  Now listening on: http://localhost:5080
2023-07-17 10:43:42.873 +01:00  INF  Application started. Press Ctrl+C to shut down.
2023-07-17 10:43:42.873 +01:00  INF  Hosting environment: Development
2023-07-17 10:43:42.873 +01:00  INF  Content root path: C:\Users\Kehinde Aregbesola\Desktop\interview questions and answers\Multitracks\.net\Web\Multitracks.API\multitracks.API\
2023-07-17 10:43:45.183 +01:00  INF  Request starting HTTP/2 GET https://localhost:7143/swagger - -
2023-07-17 10:43:45.365 +01:00  INF  Request finished HTTP/2 GET https://localhost:7143/swagger - - - 301 0 - 191.8170ms
2023-07-17 10:43:45.398 +01:00  INF  Request starting HTTP/2 GET https://localhost:7143/swagger/index.html - -
2023-07-17 10:43:45.595 +01:00  INF  Request finished HTTP/2 GET https://localhost:7143/swagger/index.html - - - 200 - text/html;charset=utf-8 197.0742ms
2023-07-17 10:43:45.683 +01:00  INF  Request starting HTTP/2 GET https://localhost:7143/swagger/swagger-ui.css - -
2023-07-17 10:43:45.710 +01:00  INF  Request starting HTTP/2 GET https://localhost:7143/swagger/swagger-ui-bundle.js - -
2023-07-17 10:43:45.710 +01:00  INF  Request starting HTTP/2 GET https://localhost:7143/swagger/swagger-ui-standalone-preset.js - -
2023-07-17 10:43:45.888 +01:00  INF  Sending file. Request path: '/swagger-ui.css'. Physical path: 'N/A'
2023-07-17 10:43:45.892 +01:00  INF  Sending file. Request path: '/swagger-ui-standalone-preset.js'. Physical path: 'N/A'
2023-07-17 10:43:45.912 +01:00  INF  Request finished HTTP/2 GET https://localhost:7143/swagger/swagger-ui.css - - - 200 143632 text/css 229.3057ms
2023-07-17 10:43:45.914 +01:00  INF  Request finished HTTP/2 GET https://localhost:7143/swagger/swagger-ui-standalone-preset.js - - - 200 337162 application/javascript 203.6258ms
2023-07-17 10:43:46.141 +01:00  INF  Sending file. Request path: '/swagger-ui-bundle.js'. Physical path: 'N/A'
2023-07-17 10:43:46.141 +01:00  INF  Request finished HTTP/2 GET https://localhost:7143/swagger/swagger-ui-bundle.js - - - 200 1092889 application/javascript 431.3743ms
2023-07-17 10:43:47.640 +01:00  INF  Request starting HTTP/2 GET https://localhost:7143/swagger/v1/swagger.json - -
2023-07-17 10:43:47.641 +01:00  INF  Request starting HTTP/2 GET https://localhost:7143/swagger/favicon-32x32.png - -
2023-07-17 10:43:47.642 +01:00  INF  Sending file. Request path: '/favicon-32x32.png'. Physical path: 'N/A'
2023-07-17 10:43:47.642 +01:00  INF  Request finished HTTP/2 GET https://localhost:7143/swagger/favicon-32x32.png - - - 200 628 image/png 0.7922ms
2023-07-17 10:43:48.109 +01:00  INF  Request finished HTTP/2 GET https://localhost:7143/swagger/v1/swagger.json - - - 200 - application/json;charset=utf-8 469.0578ms
2023-07-17 10:47:59.702 +01:00  INF  Request starting HTTP/2 GET https://localhost:7143/api/Song/list?PageNumber=1&PageSize=2 - -
2023-07-17 10:47:59.731 +01:00  INF  Executing endpoint 'multitracks.API.Controllers.SongController.ListAllSong (multitracks.API)'
2023-07-17 10:47:59.811 +01:00  INF  Route matched with {action = "ListAllSong", controller = "Song"}. Executing controller action with signature System.Threading.Tasks.Task`1[Microsoft.AspNetCore.Mvc.IActionResult] ListAllSong(multitracks.Core.Dtos.RequestParam) on controller multitracks.API.Controllers.SongController (multitracks.API).
2023-07-17 10:48:01.436 +01:00  INF  Executing list all songs endpoint
2023-07-17 10:48:01.439 +01:00  INF  Calling the get all songs  method.
2023-07-17 10:48:03.576 +01:00  WRN  No store type was specified for the decimal property 'Bpm' on entity type 'Song'. This will cause values to be silently truncated if they do not fit in the default precision and scale. Explicitly specify the SQL server column type that can accommodate all the values in 'OnModelCreating' using 'HasColumnType', specify precision and scale using 'HasPrecision', or configure a value converter using 'HasConversion'.
2023-07-17 10:48:04.033 +01:00  INF  Entity Framework Core 6.0.16 initialized 'ApplicationDbContext' using provider 'Microsoft.EntityFrameworkCore.SqlServer:6.0.16' with options: None
2023-07-17 10:48:07.487 +01:00  INF  Executed DbCommand (246ms) [Parameters=[@__p_0='?' (DbType = Int32), @__p_1='?' (DbType = Int32)], CommandType='"Text"', CommandTimeout='30']
SELECT [t].[SongId], [t].[AlbumId], [t].[ArtistId], [t].[Bpm], [t].[Chart], [t].[CustomMix], [t].[DateCreation], [t].[Multitracks], [t].[Patches], [t].[ProPresenter], [t].[RehearsalMix], [t].[SongSpecificPatches], [t].[TimeSignature], [t].[Title], [a].[ArtistId], [a].[Biography], [a].[DateCreation], [a].[HeroUrl], [a].[ImageUrl], [a].[Title], [a0].[AlbumId], [a0].[ArtistId], [a0].[DateCreation], [a0].[ImageUrl], [a0].[Title], [a0].[Year]
FROM (
    SELECT [s].[SongId], [s].[AlbumId], [s].[ArtistId], [s].[Bpm], [s].[Chart], [s].[CustomMix], [s].[DateCreation], [s].[Multitracks], [s].[Patches], [s].[ProPresenter], [s].[RehearsalMix], [s].[SongSpecificPatches], [s].[TimeSignature], [s].[Title]
    FROM [Song] AS [s]
    ORDER BY [s].[SongId]
    OFFSET @__p_0 ROWS FETCH NEXT @__p_1 ROWS ONLY
) AS [t]
INNER JOIN [Artist] AS [a] ON [t].[ArtistId] = [a].[ArtistId]
INNER JOIN [Album] AS [a0] ON [t].[AlbumId] = [a0].[AlbumId]
ORDER BY [t].[SongId]
2023-07-17 10:48:08.159 +01:00  INF  Executing ObjectResult, writing value of type 'multitracks.Core.Dtos.ResponseDto`1[[System.Collections.Generic.List`1[[multitracks.Core.Dtos.GetSongDto, multitracks.Core, Version=1.0.0.0, Culture=neutral, PublicKeyToken=null]], System.Private.CoreLib, Version=6.0.0.0, Culture=neutral, PublicKeyToken=7cec85d7bea7798e]]'.
2023-07-17 10:48:08.265 +01:00  INF  Executed action multitracks.API.Controllers.SongController.ListAllSong (multitracks.API) in 8410.1117ms
2023-07-17 10:48:08.270 +01:00  INF  Executed endpoint 'multitracks.API.Controllers.SongController.ListAllSong (multitracks.API)'
2023-07-17 10:48:08.294 +01:00  INF  Request finished HTTP/2 GET https://localhost:7143/api/Song/list?PageNumber=1&PageSize=2 - - - 200 - application/json;+charset=utf-8 8592.3099ms
