2023-05-20 13:14:18.852 +01:00  INF  Application is starting
2023-05-20 13:14:19.773 +01:00  INF  Now listening on: https://localhost:7143
2023-05-20 13:14:19.777 +01:00  INF  Now listening on: http://localhost:5080
2023-05-20 13:14:19.781 +01:00  INF  Application started. Press Ctrl+C to shut down.
2023-05-20 13:14:19.782 +01:00  INF  Hosting environment: Development
2023-05-20 13:14:19.782 +01:00  INF  Content root path: C:\Users\Kehinde Aregbesola\Desktop\interview questions and answers\Multitracks\.net\Web\Multitracks.API\multitracks.API\
2023-05-20 13:14:20.736 +01:00  INF  Request starting HTTP/2 GET https://localhost:7143/swagger - -
2023-05-20 13:14:20.874 +01:00  INF  Request finished HTTP/2 GET https://localhost:7143/swagger - - - 301 0 - 141.5634ms
2023-05-20 13:14:20.897 +01:00  INF  Request starting HTTP/2 GET https://localhost:7143/swagger/index.html - -
2023-05-20 13:14:21.144 +01:00  INF  Request finished HTTP/2 GET https://localhost:7143/swagger/index.html - - - 200 - text/html;charset=utf-8 246.3468ms
2023-05-20 13:14:21.224 +01:00  INF  Request starting HTTP/2 GET https://localhost:7143/swagger/swagger-ui.css - -
2023-05-20 13:14:21.225 +01:00  INF  Request starting HTTP/2 GET https://localhost:7143/swagger/swagger-ui-bundle.js - -
2023-05-20 13:14:21.226 +01:00  INF  Request starting HTTP/2 GET https://localhost:7143/swagger/swagger-ui-standalone-preset.js - -
2023-05-20 13:14:21.228 +01:00  INF  Request starting HTTP/2 GET https://localhost:7143/_framework/aspnetcore-browser-refresh.js - -
2023-05-20 13:14:21.234 +01:00  INF  Request finished HTTP/2 GET https://localhost:7143/_framework/aspnetcore-browser-refresh.js - - - 200 12000 application/javascript;+charset=utf-8 6.5566ms
2023-05-20 13:14:21.291 +01:00  INF  Sending file. Request path: '/swagger-ui-bundle.js'. Physical path: 'N/A'
2023-05-20 13:14:21.291 +01:00  INF  Sending file. Request path: '/swagger-ui-standalone-preset.js'. Physical path: 'N/A'
2023-05-20 13:14:21.291 +01:00  INF  Sending file. Request path: '/swagger-ui.css'. Physical path: 'N/A'
2023-05-20 13:14:21.291 +01:00  INF  Request finished HTTP/2 GET https://localhost:7143/swagger/swagger-ui-bundle.js - - - 200 1092889 application/javascript 66.2508ms
2023-05-20 13:14:21.291 +01:00  INF  Request finished HTTP/2 GET https://localhost:7143/swagger/swagger-ui-standalone-preset.js - - - 200 337162 application/javascript 65.0812ms
2023-05-20 13:14:21.291 +01:00  INF  Request finished HTTP/2 GET https://localhost:7143/swagger/swagger-ui.css - - - 200 143632 text/css 67.1766ms
2023-05-20 13:14:21.461 +01:00  INF  Request starting HTTP/2 GET https://localhost:7143/_vs/browserLink - -
2023-05-20 13:14:21.496 +01:00  INF  Request finished HTTP/2 GET https://localhost:7143/_vs/browserLink - - - 200 - text/javascript;+charset=UTF-8 34.5278ms
2023-05-20 13:14:21.640 +01:00  INF  Request starting HTTP/2 GET https://localhost:7143/swagger/v1/swagger.json - -
2023-05-20 13:14:21.670 +01:00  INF  Request starting HTTP/2 GET https://localhost:7143/swagger/favicon-32x32.png - -
2023-05-20 13:14:21.670 +01:00  INF  Sending file. Request path: '/favicon-32x32.png'. Physical path: 'N/A'
2023-05-20 13:14:21.671 +01:00  INF  Request finished HTTP/2 GET https://localhost:7143/swagger/favicon-32x32.png - - - 200 628 image/png 0.6773ms
2023-05-20 13:14:21.795 +01:00  INF  Request finished HTTP/2 GET https://localhost:7143/swagger/v1/swagger.json - - - 200 - application/json;charset=utf-8 155.6383ms
2023-05-20 13:21:29.630 +01:00  INF  Application is starting
2023-05-20 13:21:30.251 +01:00  INF  Now listening on: https://localhost:7143
2023-05-20 13:21:30.253 +01:00  INF  Now listening on: http://localhost:5080
2023-05-20 13:21:30.256 +01:00  INF  Application started. Press Ctrl+C to shut down.
2023-05-20 13:21:30.256 +01:00  INF  Hosting environment: Development
2023-05-20 13:21:30.256 +01:00  INF  Content root path: C:\Users\Kehinde Aregbesola\Desktop\interview questions and answers\Multitracks\.net\Web\Multitracks.API\multitracks.API\
2023-05-20 13:21:30.992 +01:00  INF  Request starting HTTP/2 GET https://localhost:7143/swagger/index.html - -
2023-05-20 13:21:31.390 +01:00  INF  Request finished HTTP/2 GET https://localhost:7143/swagger/index.html - - - 200 - text/html;charset=utf-8 401.6780ms
2023-05-20 13:21:31.478 +01:00  INF  Request starting HTTP/2 GET https://localhost:7143/_framework/aspnetcore-browser-refresh.js - -
2023-05-20 13:21:31.494 +01:00  INF  Request finished HTTP/2 GET https://localhost:7143/_framework/aspnetcore-browser-refresh.js - - - 200 12000 application/javascript;+charset=utf-8 15.8788ms
2023-05-20 13:21:31.523 +01:00  INF  Request starting HTTP/2 GET https://localhost:7143/_vs/browserLink - -
2023-05-20 13:21:31.600 +01:00  INF  Request finished HTTP/2 GET https://localhost:7143/_vs/browserLink - - - 200 - text/javascript;+charset=UTF-8 80.3282ms
2023-05-20 13:21:31.781 +01:00  INF  Request starting HTTP/2 GET https://localhost:7143/swagger/v1/swagger.json - -
2023-05-20 13:21:32.276 +01:00  INF  Request finished HTTP/2 GET https://localhost:7143/swagger/v1/swagger.json - - - 200 - application/json;charset=utf-8 495.2948ms
2023-05-20 13:22:00.151 +01:00  INF  Request starting HTTP/2 POST https://localhost:7143/api/ImageUpload/upload-image?ArtistId=1&ImageType=ArtistImage multipart/form-data;+boundary=----WebKitFormBoundaryzlcVr9Yd0VvjAa9C 36577
2023-05-20 13:22:00.176 +01:00  INF  Executing endpoint 'multitracks.API.Controllers.ImageUploadController.UploadImage (multitracks.API)'
2023-05-20 13:22:00.255 +01:00  INF  Route matched with {action = "UploadImage", controller = "ImageUpload"}. Executing controller action with signature System.Threading.Tasks.Task`1[Microsoft.AspNetCore.Mvc.IActionResult] UploadImage(multitracks.Core.Dtos.UploadImageDto) on controller multitracks.API.Controllers.ImageUploadController (multitracks.API).
2023-05-20 13:22:08.195 +01:00  INF  Successfull enter the image upload service
2023-05-20 13:22:10.405 +01:00  WRN  No store type was specified for the decimal property 'Bpm' on entity type 'Song'. This will cause values to be silently truncated if they do not fit in the default precision and scale. Explicitly specify the SQL server column type that can accommodate all the values in 'OnModelCreating' using 'HasColumnType', specify precision and scale using 'HasPrecision', or configure a value converter using 'HasConversion'.
2023-05-20 13:22:10.659 +01:00  INF  Entity Framework Core 6.0.16 initialized 'ApplicationDbContext' using provider 'Microsoft.EntityFrameworkCore.SqlServer:6.0.16' with options: None
2023-05-20 13:22:12.325 +01:00  INF  Executed DbCommand (170ms) [Parameters=[@__upload_ArtistId_0='?' (DbType = Int32)], CommandType='"Text"', CommandTimeout='30']
SELECT TOP(1) [a].[ArtistId], [a].[Biography], [a].[DateCreation], [a].[HeroUrl], [a].[ImageUrl], [a].[Title]
FROM [Artist] AS [a]
WHERE [a].[ArtistId] = @__upload_ArtistId_0
2023-05-20 13:22:25.618 +01:00  INF  Executed action multitracks.API.Controllers.ImageUploadController.UploadImage (multitracks.API) in 25356.9742ms
2023-05-20 13:22:25.622 +01:00  INF  Executed endpoint 'multitracks.API.Controllers.ImageUploadController.UploadImage (multitracks.API)'
2023-05-20 13:22:25.628 +01:00  ERR  An unhandled exception has occurred while executing the request.System.ArgumentNullException: Value cannot be null. (Parameter 'connectionString')
   at Azure.Storage.StorageConnectionString.Parse(String connectionString)
   at Azure.Storage.Blobs.BlobContainerClient..ctor(String connectionString, String blobContainerName, BlobClientOptions options)
   at multitracks.Infrastructure.Repositories.UploadImageToAzureRepository.UploadImageRepository(UploadImageDto upload) in C:\Users\Kehinde Aregbesola\Desktop\interview questions and answers\Multitracks\.net\Web\Multitracks.API\multitracks.Infrastructure\Repositories\UploadImageToAzureRepository.cs:line 39
   at multitracks.API.Controllers.ImageUploadController.UploadImage(UploadImageDto upload) in C:\Users\Kehinde Aregbesola\Desktop\interview questions and answers\Multitracks\.net\Web\Multitracks.API\multitracks.API\Controllers\ImageUploadController.cs:line 23
   at Microsoft.AspNetCore.Mvc.Infrastructure.ActionMethodExecutor.TaskOfIActionResultExecutor.Execute(IActionResultTypeMapper mapper, ObjectMethodExecutor executor, Object controller, Object[] arguments)
   at Microsoft.AspNetCore.Mvc.Infrastructure.ControllerActionInvoker.<InvokeActionMethodAsync>g__Awaited|12_0(ControllerActionInvoker invoker, ValueTask`1 actionResultValueTask)
   at Microsoft.AspNetCore.Mvc.Infrastructure.ControllerActionInvoker.<InvokeNextActionFilterAsync>g__Awaited|10_0(ControllerActionInvoker invoker, Task lastTask, State next, Scope scope, Object state, Boolean isCompleted)
   at Microsoft.AspNetCore.Mvc.Infrastructure.ControllerActionInvoker.Rethrow(ActionExecutedContextSealed context)
   at Microsoft.AspNetCore.Mvc.Infrastructure.ControllerActionInvoker.Next(State& next, Scope& scope, Object& state, Boolean& isCompleted)
   at Microsoft.AspNetCore.Mvc.Infrastructure.ControllerActionInvoker.<InvokeInnerFilterAsync>g__Awaited|13_0(ControllerActionInvoker invoker, Task lastTask, State next, Scope scope, Object state, Boolean isCompleted)
   at Microsoft.AspNetCore.Mvc.Infrastructure.ResourceInvoker.<InvokeFilterPipelineAsync>g__Awaited|20_0(ResourceInvoker invoker, Task lastTask, State next, Scope scope, Object state, Boolean isCompleted)
   at Microsoft.AspNetCore.Mvc.Infrastructure.ResourceInvoker.<InvokeAsync>g__Logged|17_1(ResourceInvoker invoker)
   at Microsoft.AspNetCore.Mvc.Infrastructure.ResourceInvoker.<InvokeAsync>g__Logged|17_1(ResourceInvoker invoker)
   at Microsoft.AspNetCore.Routing.EndpointMiddleware.<Invoke>g__AwaitRequestTask|6_0(Endpoint endpoint, Task requestTask, ILogger logger)
   at Microsoft.AspNetCore.Authorization.AuthorizationMiddleware.Invoke(HttpContext context)
   at Swashbuckle.AspNetCore.SwaggerUI.SwaggerUIMiddleware.Invoke(HttpContext httpContext)
   at Swashbuckle.AspNetCore.Swagger.SwaggerMiddleware.Invoke(HttpContext httpContext, ISwaggerProvider swaggerProvider)
   at Microsoft.AspNetCore.Diagnostics.ExceptionHandlerMiddleware.<Invoke>g__Awaited|6_0(ExceptionHandlerMiddleware middleware, HttpContext context, Task task)

2023-05-20 13:22:34.551 +01:00  INF  Request finished HTTP/2 POST https://localhost:7143/api/ImageUpload/upload-image?ArtistId=1&ImageType=ArtistImage multipart/form-data;+boundary=----WebKitFormBoundaryzlcVr9Yd0VvjAa9C 36577 - 500 - application/json 34400.5243ms
