2023-10-14 12:25:24.124 +01:00  INF  Application is starting
2023-10-14 12:36:16.183 +01:00  INF  Application is starting
2023-10-14 12:36:16.632 +01:00  FTL  Application fail to startSystem.AggregateException: Some services are not able to be constructed (Error while validating the service descriptor 'ServiceType: multitracks.API.RequestResponseLoggerMiddleware Lifetime: Transient ImplementationType: multitracks.API.RequestResponseLoggerMiddleware': Unable to resolve service for type 'Microsoft.AspNetCore.Http.RequestDelegate' while attempting to activate 'multitracks.API.RequestResponseLoggerMiddleware'.)
 ---> System.InvalidOperationException: Error while validating the service descriptor 'ServiceType: multitracks.API.RequestResponseLoggerMiddleware Lifetime: Transient ImplementationType: multitracks.API.RequestResponseLoggerMiddleware': Unable to resolve service for type 'Microsoft.AspNetCore.Http.RequestDelegate' while attempting to activate 'multitracks.API.RequestResponseLoggerMiddleware'.
 ---> System.InvalidOperationException: Unable to resolve service for type 'Microsoft.AspNetCore.Http.RequestDelegate' while attempting to activate 'multitracks.API.RequestResponseLoggerMiddleware'.
   at Microsoft.Extensions.DependencyInjection.ServiceLookup.CallSiteFactory.CreateArgumentCallSites(Type implementationType, CallSiteChain callSiteChain, ParameterInfo[] parameters, Boolean throwIfCallSiteNotFound)
   at Microsoft.Extensions.DependencyInjection.ServiceLookup.CallSiteFactory.CreateConstructorCallSite(ResultCache lifetime, Type serviceType, Type implementationType, CallSiteChain callSiteChain)
   at Microsoft.Extensions.DependencyInjection.ServiceLookup.CallSiteFactory.TryCreateExact(ServiceDescriptor descriptor, Type serviceType, CallSiteChain callSiteChain, Int32 slot)
   at Microsoft.Extensions.DependencyInjection.ServiceLookup.CallSiteFactory.GetCallSite(ServiceDescriptor serviceDescriptor, CallSiteChain callSiteChain)
   at Microsoft.Extensions.DependencyInjection.ServiceProvider.ValidateService(ServiceDescriptor descriptor)
   --- End of inner exception stack trace ---
   at Microsoft.Extensions.DependencyInjection.ServiceProvider.ValidateService(ServiceDescriptor descriptor)
   at Microsoft.Extensions.DependencyInjection.ServiceProvider..ctor(ICollection`1 serviceDescriptors, ServiceProviderOptions options)
   --- End of inner exception stack trace ---
   at Microsoft.Extensions.DependencyInjection.ServiceProvider..ctor(ICollection`1 serviceDescriptors, ServiceProviderOptions options)
   at Microsoft.Extensions.DependencyInjection.ServiceCollectionContainerBuilderExtensions.BuildServiceProvider(IServiceCollection services, ServiceProviderOptions options)
   at Microsoft.Extensions.DependencyInjection.DefaultServiceProviderFactory.CreateServiceProvider(IServiceCollection containerBuilder)
   at Microsoft.Extensions.Hosting.Internal.ServiceFactoryAdapter`1.CreateServiceProvider(Object containerBuilder)
   at Microsoft.Extensions.Hosting.HostBuilder.CreateServiceProvider()
   at Microsoft.Extensions.Hosting.HostBuilder.Build()
   at Microsoft.AspNetCore.Builder.WebApplicationBuilder.Build()
   at Program.<Main>$(String[] args) in C:\Users\Kehinde Aregbesola\Desktop\interview questions and answers\Multitracks\.net\Web\Multitracks.API\multitracks.API\Program.cs:line 62

2023-10-14 12:36:43.995 +01:00  INF  Application is starting
2023-10-14 12:36:44.395 +01:00  FTL  Application fail to startSystem.AggregateException: Some services are not able to be constructed (Error while validating the service descriptor 'ServiceType: multitracks.API.RequestResponseLoggerMiddleware Lifetime: Transient ImplementationType: multitracks.API.RequestResponseLoggerMiddleware': Unable to resolve service for type 'Microsoft.AspNetCore.Http.RequestDelegate' while attempting to activate 'multitracks.API.RequestResponseLoggerMiddleware'.)
 ---> System.InvalidOperationException: Error while validating the service descriptor 'ServiceType: multitracks.API.RequestResponseLoggerMiddleware Lifetime: Transient ImplementationType: multitracks.API.RequestResponseLoggerMiddleware': Unable to resolve service for type 'Microsoft.AspNetCore.Http.RequestDelegate' while attempting to activate 'multitracks.API.RequestResponseLoggerMiddleware'.
 ---> System.InvalidOperationException: Unable to resolve service for type 'Microsoft.AspNetCore.Http.RequestDelegate' while attempting to activate 'multitracks.API.RequestResponseLoggerMiddleware'.
   at Microsoft.Extensions.DependencyInjection.ServiceLookup.CallSiteFactory.CreateArgumentCallSites(Type implementationType, CallSiteChain callSiteChain, ParameterInfo[] parameters, Boolean throwIfCallSiteNotFound)
   at Microsoft.Extensions.DependencyInjection.ServiceLookup.CallSiteFactory.CreateConstructorCallSite(ResultCache lifetime, Type serviceType, Type implementationType, CallSiteChain callSiteChain)
   at Microsoft.Extensions.DependencyInjection.ServiceLookup.CallSiteFactory.TryCreateExact(ServiceDescriptor descriptor, Type serviceType, CallSiteChain callSiteChain, Int32 slot)
   at Microsoft.Extensions.DependencyInjection.ServiceLookup.CallSiteFactory.GetCallSite(ServiceDescriptor serviceDescriptor, CallSiteChain callSiteChain)
   at Microsoft.Extensions.DependencyInjection.ServiceProvider.ValidateService(ServiceDescriptor descriptor)
   --- End of inner exception stack trace ---
   at Microsoft.Extensions.DependencyInjection.ServiceProvider.ValidateService(ServiceDescriptor descriptor)
   at Microsoft.Extensions.DependencyInjection.ServiceProvider..ctor(ICollection`1 serviceDescriptors, ServiceProviderOptions options)
   --- End of inner exception stack trace ---
   at Microsoft.Extensions.DependencyInjection.ServiceProvider..ctor(ICollection`1 serviceDescriptors, ServiceProviderOptions options)
   at Microsoft.Extensions.DependencyInjection.ServiceCollectionContainerBuilderExtensions.BuildServiceProvider(IServiceCollection services, ServiceProviderOptions options)
   at Microsoft.Extensions.DependencyInjection.DefaultServiceProviderFactory.CreateServiceProvider(IServiceCollection containerBuilder)
   at Microsoft.Extensions.Hosting.Internal.ServiceFactoryAdapter`1.CreateServiceProvider(Object containerBuilder)
   at Microsoft.Extensions.Hosting.HostBuilder.CreateServiceProvider()
   at Microsoft.Extensions.Hosting.HostBuilder.Build()
   at Microsoft.AspNetCore.Builder.WebApplicationBuilder.Build()
   at Program.<Main>$(String[] args) in C:\Users\Kehinde Aregbesola\Desktop\interview questions and answers\Multitracks\.net\Web\Multitracks.API\multitracks.API\Program.cs:line 62

2023-10-14 12:37:08.180 +01:00  INF  Application is starting
2023-10-14 12:37:29.437 +01:00  INF  Application is starting
2023-10-14 12:37:29.772 +01:00  FTL  Application fail to startSystem.AggregateException: Some services are not able to be constructed (Error while validating the service descriptor 'ServiceType: multitracks.API.RequestResponseLoggerMiddleware Lifetime: Transient ImplementationType: multitracks.API.RequestResponseLoggerMiddleware': Unable to resolve service for type 'Microsoft.AspNetCore.Http.RequestDelegate' while attempting to activate 'multitracks.API.RequestResponseLoggerMiddleware'.)
 ---> System.InvalidOperationException: Error while validating the service descriptor 'ServiceType: multitracks.API.RequestResponseLoggerMiddleware Lifetime: Transient ImplementationType: multitracks.API.RequestResponseLoggerMiddleware': Unable to resolve service for type 'Microsoft.AspNetCore.Http.RequestDelegate' while attempting to activate 'multitracks.API.RequestResponseLoggerMiddleware'.
 ---> System.InvalidOperationException: Unable to resolve service for type 'Microsoft.AspNetCore.Http.RequestDelegate' while attempting to activate 'multitracks.API.RequestResponseLoggerMiddleware'.
   at Microsoft.Extensions.DependencyInjection.ServiceLookup.CallSiteFactory.CreateArgumentCallSites(Type implementationType, CallSiteChain callSiteChain, ParameterInfo[] parameters, Boolean throwIfCallSiteNotFound)
   at Microsoft.Extensions.DependencyInjection.ServiceLookup.CallSiteFactory.CreateConstructorCallSite(ResultCache lifetime, Type serviceType, Type implementationType, CallSiteChain callSiteChain)
   at Microsoft.Extensions.DependencyInjection.ServiceLookup.CallSiteFactory.TryCreateExact(ServiceDescriptor descriptor, Type serviceType, CallSiteChain callSiteChain, Int32 slot)
   at Microsoft.Extensions.DependencyInjection.ServiceLookup.CallSiteFactory.GetCallSite(ServiceDescriptor serviceDescriptor, CallSiteChain callSiteChain)
   at Microsoft.Extensions.DependencyInjection.ServiceProvider.ValidateService(ServiceDescriptor descriptor)
   --- End of inner exception stack trace ---
   at Microsoft.Extensions.DependencyInjection.ServiceProvider.ValidateService(ServiceDescriptor descriptor)
   at Microsoft.Extensions.DependencyInjection.ServiceProvider..ctor(ICollection`1 serviceDescriptors, ServiceProviderOptions options)
   --- End of inner exception stack trace ---
   at Microsoft.Extensions.DependencyInjection.ServiceProvider..ctor(ICollection`1 serviceDescriptors, ServiceProviderOptions options)
   at Microsoft.Extensions.DependencyInjection.ServiceCollectionContainerBuilderExtensions.BuildServiceProvider(IServiceCollection services, ServiceProviderOptions options)
   at Microsoft.Extensions.DependencyInjection.DefaultServiceProviderFactory.CreateServiceProvider(IServiceCollection containerBuilder)
   at Microsoft.Extensions.Hosting.Internal.ServiceFactoryAdapter`1.CreateServiceProvider(Object containerBuilder)
   at Microsoft.Extensions.Hosting.HostBuilder.CreateServiceProvider()
   at Microsoft.Extensions.Hosting.HostBuilder.Build()
   at Microsoft.AspNetCore.Builder.WebApplicationBuilder.Build()
   at Program.<Main>$(String[] args) in C:\Users\Kehinde Aregbesola\Desktop\interview questions and answers\Multitracks\.net\Web\Multitracks.API\multitracks.API\Program.cs:line 62

2023-10-14 12:40:14.071 +01:00  INF  Application is starting
2023-10-14 12:40:14.402 +01:00  FTL  Application fail to startSystem.AggregateException: Some services are not able to be constructed (Error while validating the service descriptor 'ServiceType: multitracks.API.RequestResponseLoggerMiddleware Lifetime: Transient ImplementationType: multitracks.API.RequestResponseLoggerMiddleware': Unable to resolve service for type 'Microsoft.AspNetCore.Http.RequestDelegate' while attempting to activate 'multitracks.API.RequestResponseLoggerMiddleware'.)
 ---> System.InvalidOperationException: Error while validating the service descriptor 'ServiceType: multitracks.API.RequestResponseLoggerMiddleware Lifetime: Transient ImplementationType: multitracks.API.RequestResponseLoggerMiddleware': Unable to resolve service for type 'Microsoft.AspNetCore.Http.RequestDelegate' while attempting to activate 'multitracks.API.RequestResponseLoggerMiddleware'.
 ---> System.InvalidOperationException: Unable to resolve service for type 'Microsoft.AspNetCore.Http.RequestDelegate' while attempting to activate 'multitracks.API.RequestResponseLoggerMiddleware'.
   at Microsoft.Extensions.DependencyInjection.ServiceLookup.CallSiteFactory.CreateArgumentCallSites(Type implementationType, CallSiteChain callSiteChain, ParameterInfo[] parameters, Boolean throwIfCallSiteNotFound)
   at Microsoft.Extensions.DependencyInjection.ServiceLookup.CallSiteFactory.CreateConstructorCallSite(ResultCache lifetime, Type serviceType, Type implementationType, CallSiteChain callSiteChain)
   at Microsoft.Extensions.DependencyInjection.ServiceLookup.CallSiteFactory.TryCreateExact(ServiceDescriptor descriptor, Type serviceType, CallSiteChain callSiteChain, Int32 slot)
   at Microsoft.Extensions.DependencyInjection.ServiceLookup.CallSiteFactory.GetCallSite(ServiceDescriptor serviceDescriptor, CallSiteChain callSiteChain)
   at Microsoft.Extensions.DependencyInjection.ServiceProvider.ValidateService(ServiceDescriptor descriptor)
   --- End of inner exception stack trace ---
   at Microsoft.Extensions.DependencyInjection.ServiceProvider.ValidateService(ServiceDescriptor descriptor)
   at Microsoft.Extensions.DependencyInjection.ServiceProvider..ctor(ICollection`1 serviceDescriptors, ServiceProviderOptions options)
   --- End of inner exception stack trace ---
   at Microsoft.Extensions.DependencyInjection.ServiceProvider..ctor(ICollection`1 serviceDescriptors, ServiceProviderOptions options)
   at Microsoft.Extensions.DependencyInjection.ServiceCollectionContainerBuilderExtensions.BuildServiceProvider(IServiceCollection services, ServiceProviderOptions options)
   at Microsoft.Extensions.DependencyInjection.DefaultServiceProviderFactory.CreateServiceProvider(IServiceCollection containerBuilder)
   at Microsoft.Extensions.Hosting.Internal.ServiceFactoryAdapter`1.CreateServiceProvider(Object containerBuilder)
   at Microsoft.Extensions.Hosting.HostBuilder.CreateServiceProvider()
   at Microsoft.Extensions.Hosting.HostBuilder.Build()
   at Microsoft.AspNetCore.Builder.WebApplicationBuilder.Build()
   at Program.<Main>$(String[] args) in C:\Users\Kehinde Aregbesola\Desktop\interview questions and answers\Multitracks\.net\Web\Multitracks.API\multitracks.API\Program.cs:line 62

2023-10-14 12:41:35.299 +01:00  INF  Application is starting
2023-10-14 12:41:35.748 +01:00  FTL  Application fail to startSystem.AggregateException: Some services are not able to be constructed (Error while validating the service descriptor 'ServiceType: multitracks.API.RequestResponseLoggerMiddleware Lifetime: Scoped ImplementationType: multitracks.API.RequestResponseLoggerMiddleware': Unable to resolve service for type 'Microsoft.AspNetCore.Http.RequestDelegate' while attempting to activate 'multitracks.API.RequestResponseLoggerMiddleware'.)
 ---> System.InvalidOperationException: Error while validating the service descriptor 'ServiceType: multitracks.API.RequestResponseLoggerMiddleware Lifetime: Scoped ImplementationType: multitracks.API.RequestResponseLoggerMiddleware': Unable to resolve service for type 'Microsoft.AspNetCore.Http.RequestDelegate' while attempting to activate 'multitracks.API.RequestResponseLoggerMiddleware'.
 ---> System.InvalidOperationException: Unable to resolve service for type 'Microsoft.AspNetCore.Http.RequestDelegate' while attempting to activate 'multitracks.API.RequestResponseLoggerMiddleware'.
   at Microsoft.Extensions.DependencyInjection.ServiceLookup.CallSiteFactory.CreateArgumentCallSites(Type implementationType, CallSiteChain callSiteChain, ParameterInfo[] parameters, Boolean throwIfCallSiteNotFound)
   at Microsoft.Extensions.DependencyInjection.ServiceLookup.CallSiteFactory.CreateConstructorCallSite(ResultCache lifetime, Type serviceType, Type implementationType, CallSiteChain callSiteChain)
   at Microsoft.Extensions.DependencyInjection.ServiceLookup.CallSiteFactory.TryCreateExact(ServiceDescriptor descriptor, Type serviceType, CallSiteChain callSiteChain, Int32 slot)
   at Microsoft.Extensions.DependencyInjection.ServiceLookup.CallSiteFactory.GetCallSite(ServiceDescriptor serviceDescriptor, CallSiteChain callSiteChain)
   at Microsoft.Extensions.DependencyInjection.ServiceProvider.ValidateService(ServiceDescriptor descriptor)
   --- End of inner exception stack trace ---
   at Microsoft.Extensions.DependencyInjection.ServiceProvider.ValidateService(ServiceDescriptor descriptor)
   at Microsoft.Extensions.DependencyInjection.ServiceProvider..ctor(ICollection`1 serviceDescriptors, ServiceProviderOptions options)
   --- End of inner exception stack trace ---
   at Microsoft.Extensions.DependencyInjection.ServiceProvider..ctor(ICollection`1 serviceDescriptors, ServiceProviderOptions options)
   at Microsoft.Extensions.DependencyInjection.ServiceCollectionContainerBuilderExtensions.BuildServiceProvider(IServiceCollection services, ServiceProviderOptions options)
   at Microsoft.Extensions.DependencyInjection.DefaultServiceProviderFactory.CreateServiceProvider(IServiceCollection containerBuilder)
   at Microsoft.Extensions.Hosting.Internal.ServiceFactoryAdapter`1.CreateServiceProvider(Object containerBuilder)
   at Microsoft.Extensions.Hosting.HostBuilder.CreateServiceProvider()
   at Microsoft.Extensions.Hosting.HostBuilder.Build()
   at Microsoft.AspNetCore.Builder.WebApplicationBuilder.Build()
   at Program.<Main>$(String[] args) in C:\Users\Kehinde Aregbesola\Desktop\interview questions and answers\Multitracks\.net\Web\Multitracks.API\multitracks.API\Program.cs:line 62

2023-10-14 12:42:17.043 +01:00  INF  Application is starting
2023-10-14 12:42:17.367 +01:00  FTL  Application fail to startSystem.AggregateException: Some services are not able to be constructed (Error while validating the service descriptor 'ServiceType: multitracks.API.RequestResponseLoggerMiddleware Lifetime: Scoped ImplementationType: multitracks.API.RequestResponseLoggerMiddleware': Unable to resolve service for type 'Microsoft.AspNetCore.Http.RequestDelegate' while attempting to activate 'multitracks.API.RequestResponseLoggerMiddleware'.)
 ---> System.InvalidOperationException: Error while validating the service descriptor 'ServiceType: multitracks.API.RequestResponseLoggerMiddleware Lifetime: Scoped ImplementationType: multitracks.API.RequestResponseLoggerMiddleware': Unable to resolve service for type 'Microsoft.AspNetCore.Http.RequestDelegate' while attempting to activate 'multitracks.API.RequestResponseLoggerMiddleware'.
 ---> System.InvalidOperationException: Unable to resolve service for type 'Microsoft.AspNetCore.Http.RequestDelegate' while attempting to activate 'multitracks.API.RequestResponseLoggerMiddleware'.
   at Microsoft.Extensions.DependencyInjection.ServiceLookup.CallSiteFactory.CreateArgumentCallSites(Type implementationType, CallSiteChain callSiteChain, ParameterInfo[] parameters, Boolean throwIfCallSiteNotFound)
   at Microsoft.Extensions.DependencyInjection.ServiceLookup.CallSiteFactory.CreateConstructorCallSite(ResultCache lifetime, Type serviceType, Type implementationType, CallSiteChain callSiteChain)
   at Microsoft.Extensions.DependencyInjection.ServiceLookup.CallSiteFactory.TryCreateExact(ServiceDescriptor descriptor, Type serviceType, CallSiteChain callSiteChain, Int32 slot)
   at Microsoft.Extensions.DependencyInjection.ServiceLookup.CallSiteFactory.GetCallSite(ServiceDescriptor serviceDescriptor, CallSiteChain callSiteChain)
   at Microsoft.Extensions.DependencyInjection.ServiceProvider.ValidateService(ServiceDescriptor descriptor)
   --- End of inner exception stack trace ---
   at Microsoft.Extensions.DependencyInjection.ServiceProvider.ValidateService(ServiceDescriptor descriptor)
   at Microsoft.Extensions.DependencyInjection.ServiceProvider..ctor(ICollection`1 serviceDescriptors, ServiceProviderOptions options)
   --- End of inner exception stack trace ---
   at Microsoft.Extensions.DependencyInjection.ServiceProvider..ctor(ICollection`1 serviceDescriptors, ServiceProviderOptions options)
   at Microsoft.Extensions.DependencyInjection.ServiceCollectionContainerBuilderExtensions.BuildServiceProvider(IServiceCollection services, ServiceProviderOptions options)
   at Microsoft.Extensions.DependencyInjection.DefaultServiceProviderFactory.CreateServiceProvider(IServiceCollection containerBuilder)
   at Microsoft.Extensions.Hosting.Internal.ServiceFactoryAdapter`1.CreateServiceProvider(Object containerBuilder)
   at Microsoft.Extensions.Hosting.HostBuilder.CreateServiceProvider()
   at Microsoft.Extensions.Hosting.HostBuilder.Build()
   at Microsoft.AspNetCore.Builder.WebApplicationBuilder.Build()
   at Program.<Main>$(String[] args) in C:\Users\Kehinde Aregbesola\Desktop\interview questions and answers\Multitracks\.net\Web\Multitracks.API\multitracks.API\Program.cs:line 62

2023-10-14 12:47:29.535 +01:00  INF  Application is starting
2023-10-14 12:47:29.876 +01:00  FTL  Application fail to startSystem.AggregateException: Some services are not able to be constructed (Error while validating the service descriptor 'ServiceType: multitracks.API.RequestResponseLoggerMiddleware Lifetime: Scoped ImplementationType: multitracks.API.RequestResponseLoggerMiddleware': Unable to resolve service for type 'Microsoft.AspNetCore.Http.RequestDelegate' while attempting to activate 'multitracks.API.RequestResponseLoggerMiddleware'.)
 ---> System.InvalidOperationException: Error while validating the service descriptor 'ServiceType: multitracks.API.RequestResponseLoggerMiddleware Lifetime: Scoped ImplementationType: multitracks.API.RequestResponseLoggerMiddleware': Unable to resolve service for type 'Microsoft.AspNetCore.Http.RequestDelegate' while attempting to activate 'multitracks.API.RequestResponseLoggerMiddleware'.
 ---> System.InvalidOperationException: Unable to resolve service for type 'Microsoft.AspNetCore.Http.RequestDelegate' while attempting to activate 'multitracks.API.RequestResponseLoggerMiddleware'.
   at Microsoft.Extensions.DependencyInjection.ServiceLookup.CallSiteFactory.CreateArgumentCallSites(Type implementationType, CallSiteChain callSiteChain, ParameterInfo[] parameters, Boolean throwIfCallSiteNotFound)
   at Microsoft.Extensions.DependencyInjection.ServiceLookup.CallSiteFactory.CreateConstructorCallSite(ResultCache lifetime, Type serviceType, Type implementationType, CallSiteChain callSiteChain)
   at Microsoft.Extensions.DependencyInjection.ServiceLookup.CallSiteFactory.TryCreateExact(ServiceDescriptor descriptor, Type serviceType, CallSiteChain callSiteChain, Int32 slot)
   at Microsoft.Extensions.DependencyInjection.ServiceLookup.CallSiteFactory.GetCallSite(ServiceDescriptor serviceDescriptor, CallSiteChain callSiteChain)
   at Microsoft.Extensions.DependencyInjection.ServiceProvider.ValidateService(ServiceDescriptor descriptor)
   --- End of inner exception stack trace ---
   at Microsoft.Extensions.DependencyInjection.ServiceProvider.ValidateService(ServiceDescriptor descriptor)
   at Microsoft.Extensions.DependencyInjection.ServiceProvider..ctor(ICollection`1 serviceDescriptors, ServiceProviderOptions options)
   --- End of inner exception stack trace ---
   at Microsoft.Extensions.DependencyInjection.ServiceProvider..ctor(ICollection`1 serviceDescriptors, ServiceProviderOptions options)
   at Microsoft.Extensions.DependencyInjection.ServiceCollectionContainerBuilderExtensions.BuildServiceProvider(IServiceCollection services, ServiceProviderOptions options)
   at Microsoft.Extensions.DependencyInjection.DefaultServiceProviderFactory.CreateServiceProvider(IServiceCollection containerBuilder)
   at Microsoft.Extensions.Hosting.Internal.ServiceFactoryAdapter`1.CreateServiceProvider(Object containerBuilder)
   at Microsoft.Extensions.Hosting.HostBuilder.CreateServiceProvider()
   at Microsoft.Extensions.Hosting.HostBuilder.Build()
   at Microsoft.AspNetCore.Builder.WebApplicationBuilder.Build()
   at Program.<Main>$(String[] args) in C:\Users\Kehinde Aregbesola\Desktop\interview questions and answers\Multitracks\.net\Web\Multitracks.API\multitracks.API\Program.cs:line 65

2023-10-14 12:47:46.325 +01:00  INF  Application is starting
