2023-11-01 17:40:02.455 +01:00  INF  Executing search artist endpoint
2023-11-01 17:40:02.518 +01:00  INF  Calling the search artist method.
2023-11-01 17:40:03.787 +01:00  WRN  No store type was specified for the decimal property 'Bpm' on entity type 'Song'. This will cause values to be silently truncated if they do not fit in the default precision and scale. Explicitly specify the SQL server column type that can accommodate all the values in 'OnModelCreating' using 'HasColumnType', specify precision and scale using 'HasPrecision', or configure a value converter using 'HasConversion'.
2023-11-01 17:40:05.121 +01:00  INF  HTTP GET /api/Artist/search/is responded 200 in 3173.6813 ms
2023-11-01 17:40:05.407 +01:00  ERR  HTTP GET /api/Artist/search/is responded 500 in 3485.1474 msSystem.AggregateException: Failed to emit a log event. (String or binary data would be truncated in table 'Multitracks.dbo.AuditLog', column 'ResponseBody'. Truncated value: '200, Body: {"statusCode":200,"status":true,"message":"Success","data":[{"artistId":1,"title":"Israel'.
The statement has been terminated.)
 ---> Microsoft.Data.SqlClient.SqlException (0x80131904): String or binary data would be truncated in table 'Multitracks.dbo.AuditLog', column 'ResponseBody'. Truncated value: '200, Body: {"statusCode":200,"status":true,"message":"Success","data":[{"artistId":1,"title":"Israel'.
The statement has been terminated.
   at Microsoft.Data.SqlClient.SqlConnection.OnError(SqlException exception, Boolean breakConnection, Action`1 wrapCloseInAction)
   at Microsoft.Data.SqlClient.TdsParser.ThrowExceptionAndWarning(TdsParserStateObject stateObj, Boolean callerHasConnectionLock, Boolean asyncClose)
   at Microsoft.Data.SqlClient.TdsParser.TryRun(RunBehavior runBehavior, SqlCommand cmdHandler, SqlDataReader dataStream, BulkCopySimpleResultSet bulkCopyHandler, TdsParserStateObject stateObj, Boolean& dataReady)
   at Microsoft.Data.SqlClient.SqlCommand.FinishExecuteReader(SqlDataReader ds, RunBehavior runBehavior, String resetOptionsString, Boolean isInternal, Boolean forDescribeParameterEncryption, Boolean shouldCacheForAlwaysEncrypted)
   at Microsoft.Data.SqlClient.SqlCommand.RunExecuteReaderTds(CommandBehavior cmdBehavior, RunBehavior runBehavior, Boolean returnStream, Boolean isAsync, Int32 timeout, Task& task, Boolean asyncWrite, Boolean inRetry, SqlDataReader ds, Boolean describeParameterEncryptionRequest)
   at Microsoft.Data.SqlClient.SqlCommand.RunExecuteReader(CommandBehavior cmdBehavior, RunBehavior runBehavior, Boolean returnStream, TaskCompletionSource`1 completion, Int32 timeout, Task& task, Boolean& usedCache, Boolean asyncWrite, Boolean inRetry, String method)
   at Microsoft.Data.SqlClient.SqlCommand.InternalExecuteNonQuery(TaskCompletionSource`1 completion, Boolean sendToPipe, Int32 timeout, Boolean& usedCache, Boolean asyncWrite, Boolean inRetry, String methodName)
   at Microsoft.Data.SqlClient.SqlCommand.ExecuteNonQuery()
   at Serilog.Sinks.MSSqlServer.Platform.SqlLogEventWriter.WriteEvent(LogEvent logEvent)
   at Serilog.Core.Sinks.AggregateSink.Emit(LogEvent logEvent)
ClientConnectionId:09064d89-f4f9-4eb0-b0ad-8997f18cfe99
Error Number:2628,State:1,Class:16
   --- End of inner exception stack trace ---
   at Serilog.Core.Sinks.AggregateSink.Emit(LogEvent logEvent)
   at Serilog.AspNetCore.RequestLoggingMiddleware.LogCompletion(HttpContext httpContext, DiagnosticContextCollector collector, Int32 statusCode, Double elapsedMs, Exception ex)
   at Serilog.AspNetCore.RequestLoggingMiddleware.Invoke(HttpContext httpContext)

2023-11-01 17:40:05.662 +01:00  ERR  An unhandled exception has occurred while executing the request.System.AggregateException: Failed to emit a log event. (String or binary data would be truncated in table 'Multitracks.dbo.AuditLog', column 'ResponseBody'. Truncated value: '200, Body: {"statusCode":200,"status":true,"message":"Success","data":[{"artistId":1,"title":"Israel'.
The statement has been terminated.)
 ---> Microsoft.Data.SqlClient.SqlException (0x80131904): String or binary data would be truncated in table 'Multitracks.dbo.AuditLog', column 'ResponseBody'. Truncated value: '200, Body: {"statusCode":200,"status":true,"message":"Success","data":[{"artistId":1,"title":"Israel'.
The statement has been terminated.
   at Microsoft.Data.SqlClient.SqlConnection.OnError(SqlException exception, Boolean breakConnection, Action`1 wrapCloseInAction)
   at Microsoft.Data.SqlClient.TdsParser.ThrowExceptionAndWarning(TdsParserStateObject stateObj, Boolean callerHasConnectionLock, Boolean asyncClose)
   at Microsoft.Data.SqlClient.TdsParser.TryRun(RunBehavior runBehavior, SqlCommand cmdHandler, SqlDataReader dataStream, BulkCopySimpleResultSet bulkCopyHandler, TdsParserStateObject stateObj, Boolean& dataReady)
   at Microsoft.Data.SqlClient.SqlCommand.FinishExecuteReader(SqlDataReader ds, RunBehavior runBehavior, String resetOptionsString, Boolean isInternal, Boolean forDescribeParameterEncryption, Boolean shouldCacheForAlwaysEncrypted)
   at Microsoft.Data.SqlClient.SqlCommand.RunExecuteReaderTds(CommandBehavior cmdBehavior, RunBehavior runBehavior, Boolean returnStream, Boolean isAsync, Int32 timeout, Task& task, Boolean asyncWrite, Boolean inRetry, SqlDataReader ds, Boolean describeParameterEncryptionRequest)
   at Microsoft.Data.SqlClient.SqlCommand.RunExecuteReader(CommandBehavior cmdBehavior, RunBehavior runBehavior, Boolean returnStream, TaskCompletionSource`1 completion, Int32 timeout, Task& task, Boolean& usedCache, Boolean asyncWrite, Boolean inRetry, String method)
   at Microsoft.Data.SqlClient.SqlCommand.InternalExecuteNonQuery(TaskCompletionSource`1 completion, Boolean sendToPipe, Int32 timeout, Boolean& usedCache, Boolean asyncWrite, Boolean inRetry, String methodName)
   at Microsoft.Data.SqlClient.SqlCommand.ExecuteNonQuery()
   at Serilog.Sinks.MSSqlServer.Platform.SqlLogEventWriter.WriteEvent(LogEvent logEvent)
   at Serilog.Core.Sinks.AggregateSink.Emit(LogEvent logEvent)
ClientConnectionId:09064d89-f4f9-4eb0-b0ad-8997f18cfe99
Error Number:2628,State:1,Class:16
   --- End of inner exception stack trace ---
   at Serilog.Core.Sinks.AggregateSink.Emit(LogEvent logEvent)
   at Serilog.AspNetCore.RequestLoggingMiddleware.LogCompletion(HttpContext httpContext, DiagnosticContextCollector collector, Int32 statusCode, Double elapsedMs, Exception ex)
   at Serilog.AspNetCore.RequestLoggingMiddleware.Invoke(HttpContext httpContext)
   at multitracks.API.RequestResponseLoggerMiddleware.Invoke(HttpContext httpContext) in C:\Users\Kehinde Aregbesola\Desktop\interview questions and answers\Multitracks\.net\Web\Multitracks.API\multitracks.Core\MiddleWare\RequestResponseLoggerMiddleware.cs:line 25
   at Microsoft.AspNetCore.Authorization.AuthorizationMiddleware.Invoke(HttpContext context)
   at Swashbuckle.AspNetCore.SwaggerUI.SwaggerUIMiddleware.Invoke(HttpContext httpContext)
   at Swashbuckle.AspNetCore.Swagger.SwaggerMiddleware.Invoke(HttpContext httpContext, ISwaggerProvider swaggerProvider)
   at Microsoft.AspNetCore.Diagnostics.DeveloperExceptionPageMiddleware.Invoke(HttpContext context)

2023-11-01 17:40:05.876 +01:00  ERR  An exception was thrown attempting to display the error page.System.ObjectDisposedException: Cannot access a closed Stream.
   at System.IO.MemoryStream.Write(Byte[] buffer, Int32 offset, Int32 count)
   at System.IO.MemoryStream.WriteAsync(ReadOnlyMemory`1 buffer, CancellationToken cancellationToken)
--- End of stack trace from previous location ---
   at System.IO.Pipelines.StreamPipeWriter.FlushAsyncInternal(Boolean writeToStream, ReadOnlyMemory`1 data, CancellationToken cancellationToken)
   at Microsoft.AspNetCore.Diagnostics.DeveloperExceptionPageMiddleware.Invoke(HttpContext context)

2023-11-01 17:40:06.114 +01:00  ERR  Connection id "0HMUQV4MKMVCE", Request id "0HMUQV4MKMVCE:00000009": An unhandled exception was thrown by the application.System.AggregateException: Failed to emit a log event. (String or binary data would be truncated in table 'Multitracks.dbo.AuditLog', column 'ResponseBody'. Truncated value: '200, Body: {"statusCode":200,"status":true,"message":"Success","data":[{"artistId":1,"title":"Israel'.
The statement has been terminated.)
 ---> Microsoft.Data.SqlClient.SqlException (0x80131904): String or binary data would be truncated in table 'Multitracks.dbo.AuditLog', column 'ResponseBody'. Truncated value: '200, Body: {"statusCode":200,"status":true,"message":"Success","data":[{"artistId":1,"title":"Israel'.
The statement has been terminated.
   at Microsoft.Data.SqlClient.SqlConnection.OnError(SqlException exception, Boolean breakConnection, Action`1 wrapCloseInAction)
   at Microsoft.Data.SqlClient.TdsParser.ThrowExceptionAndWarning(TdsParserStateObject stateObj, Boolean callerHasConnectionLock, Boolean asyncClose)
   at Microsoft.Data.SqlClient.TdsParser.TryRun(RunBehavior runBehavior, SqlCommand cmdHandler, SqlDataReader dataStream, BulkCopySimpleResultSet bulkCopyHandler, TdsParserStateObject stateObj, Boolean& dataReady)
   at Microsoft.Data.SqlClient.SqlCommand.FinishExecuteReader(SqlDataReader ds, RunBehavior runBehavior, String resetOptionsString, Boolean isInternal, Boolean forDescribeParameterEncryption, Boolean shouldCacheForAlwaysEncrypted)
   at Microsoft.Data.SqlClient.SqlCommand.RunExecuteReaderTds(CommandBehavior cmdBehavior, RunBehavior runBehavior, Boolean returnStream, Boolean isAsync, Int32 timeout, Task& task, Boolean asyncWrite, Boolean inRetry, SqlDataReader ds, Boolean describeParameterEncryptionRequest)
   at Microsoft.Data.SqlClient.SqlCommand.RunExecuteReader(CommandBehavior cmdBehavior, RunBehavior runBehavior, Boolean returnStream, TaskCompletionSource`1 completion, Int32 timeout, Task& task, Boolean& usedCache, Boolean asyncWrite, Boolean inRetry, String method)
   at Microsoft.Data.SqlClient.SqlCommand.InternalExecuteNonQuery(TaskCompletionSource`1 completion, Boolean sendToPipe, Int32 timeout, Boolean& usedCache, Boolean asyncWrite, Boolean inRetry, String methodName)
   at Microsoft.Data.SqlClient.SqlCommand.ExecuteNonQuery()
   at Serilog.Sinks.MSSqlServer.Platform.SqlLogEventWriter.WriteEvent(LogEvent logEvent)
   at Serilog.Core.Sinks.AggregateSink.Emit(LogEvent logEvent)
ClientConnectionId:09064d89-f4f9-4eb0-b0ad-8997f18cfe99
Error Number:2628,State:1,Class:16
   --- End of inner exception stack trace ---
   at Serilog.Core.Sinks.AggregateSink.Emit(LogEvent logEvent)
   at Serilog.AspNetCore.RequestLoggingMiddleware.LogCompletion(HttpContext httpContext, DiagnosticContextCollector collector, Int32 statusCode, Double elapsedMs, Exception ex)
   at Serilog.AspNetCore.RequestLoggingMiddleware.Invoke(HttpContext httpContext)
   at multitracks.API.RequestResponseLoggerMiddleware.Invoke(HttpContext httpContext) in C:\Users\Kehinde Aregbesola\Desktop\interview questions and answers\Multitracks\.net\Web\Multitracks.API\multitracks.Core\MiddleWare\RequestResponseLoggerMiddleware.cs:line 25
   at Microsoft.AspNetCore.Authorization.AuthorizationMiddleware.Invoke(HttpContext context)
   at Swashbuckle.AspNetCore.SwaggerUI.SwaggerUIMiddleware.Invoke(HttpContext httpContext)
   at Swashbuckle.AspNetCore.Swagger.SwaggerMiddleware.Invoke(HttpContext httpContext, ISwaggerProvider swaggerProvider)
   at Microsoft.AspNetCore.Diagnostics.DeveloperExceptionPageMiddleware.Invoke(HttpContext context)
   at Microsoft.AspNetCore.Diagnostics.DeveloperExceptionPageMiddleware.Invoke(HttpContext context)
   at Microsoft.AspNetCore.Watch.BrowserRefresh.BrowserRefreshMiddleware.InvokeAsync(HttpContext context)
   at Microsoft.AspNetCore.Server.Kestrel.Core.Internal.Http.HttpProtocol.ProcessRequests[TContext](IHttpApplication`1 application)

2023-11-01 17:41:15.286 +01:00  INF  Application is starting
